This is pdfTeX, Version 3.1415926-1.40.11 (TeX Live 2010) (format=latex 2010.7.21)  16 OCT 2011 08:58
entering extended mode
 restricted \write18 enabled.
 %&-line parsing enabled.
**\makeatletter\def\HCode{\futurelet\HCode\HChar}\def\HChar{\ifx"\HCode\def\HCo
de"##1"{\Link##1}\expandafter\HCode\else\expandafter\Link\fi}\def\Link#1.a.b.c.
{\g@addto@macro\@documentclasshook{\RequirePackage[#1,html]{tex4ht}}\let\HCode\
documentstyle\def\documentstyle{\let\documentstyle\HCode\expandafter\def\csname
 tex4ht\endcsname{#1,html}\def\HCode####1{\documentstyle[tex4ht,}\@ifnextchar[{
\HCode}{\documentstyle[tex4ht]}}}\makeatother\HCode .a.b.c.\input  MathStuff.te
x
(./MathStuff.tex (/usr/local/texlive/2010/texmf-dist/tex/latex/base/book.cls
Document Class: book 2007/10/19 v1.4h Standard LaTeX document class
(/usr/local/texlive/2010/texmf-dist/tex/latex/base/bk10.clo
File: bk10.clo 2007/10/19 v1.4h Standard LaTeX file (size option)
)
\c@part=\count79
\c@chapter=\count80
\c@section=\count81
\c@subsection=\count82
\c@subsubsection=\count83
\c@paragraph=\count84
\c@subparagraph=\count85
\c@figure=\count86
\c@table=\count87
\abovecaptionskip=\skip41
\belowcaptionskip=\skip42
\bibindent=\dimen102
)
(/usr/local/texlive/2010/texmf-dist/tex/generic/tex4ht/tex4ht.sty
version 2008-10-27-17:23
Package: tex4ht 
--------------------------------------
--- Note --- for _ at preamble, use the command line option `early_'
--------------------------------------
--------------------------------------
--- Note --- for ^ at preamble, use the command line option `early^'
--------------------------------------
\tmp:toks=\toks14
)
(/usr/local/texlive/2010/texmf-dist/tex/generic/tex4ht/usepackage.4ht
version 2009-05-21-09:32
)
(/usr/local/texlive/2010/../texmf-local/tex/generic/mysty/mymath/mathpackages.s
ty
Package: mathpackages 
 (/usr/local/texlive/2010/texmf-dist/tex/latex/qtree/qtree.sty
Package: 2008/12/12 v.3.1bQtree: tree-drawing for linguistics
Package: qtree 2008/12/12 v.3.1bQtree: tree-drawing for linguistics
(/usr/local/texlive/2010/texmf-dist/tex/latex/pict2e/pict2e.sty
Package: pict2e 2009/08/05 v0.2x Improved picture commands (HjG,RN,JT)

(/usr/local/texlive/2010/texmf-dist/tex/latex/pict2e/pict2e.cfg
File: pict2e.cfg 2009/08/05 v0.1s pict2e configuration for teTeX/TeXLive
)
Package pict2e Info: Driver file: dvips.def on input line 101.

(/usr/local/texlive/2010/texmf-dist/tex/latex/graphics/dvips.def
File: dvips.def 1999/02/16 v3.0i Driver-dependant file (DPC,SPQR)
)
Package pict2e Info: Driver file for pict2e: p2e-dvips.def on input line 103.

(/usr/local/texlive/2010/texmf-dist/tex/latex/pict2e/p2e-dvips.def
File: p2e-dvips.def 2009/08/05 v0.1s Driver-dependant file (RN,HjG,JT)
)
(/usr/local/texlive/2010/texmf-dist/tex/latex/graphics/trig.sty
Package: trig 1999/03/16 v1.09 sin cos tan (DPC)
)
\pIIe@GRAPH=\toks15
\@arclen=\dimen103
\@arcrad=\dimen104
\@tempdimd=\dimen105
)
\c@treecount=\count88
\c@branchcount=\count89
\parentbox=\box26
\treebox=\box27
\treeboxone=\box28
\treeboxtwo=\box29
\treeboxthree=\box30
\treeboxfour=\box31
\treeboxfive=\box32
\treeboxsix=\box33
\treeboxseven=\box34
\treeboxeight=\box35
\treeboxnine=\box36
\treeboxten=\box37
\treeboxeleven=\box38
\treeboxtwelve=\box39
\treeboxthirteen=\box40
\treeboxfourteen=\box41
\treeboxfifteen=\box42
\treeboxsixteen=\box43
\treeboxseventeen=\box44
\treeboxeighteen=\box45
\treeboxnineteen=\box46
\treeboxtwenty=\box47
\treeoffsetone=\skip43
\treeoffsettwo=\skip44
\treeoffsetthree=\skip45
\treeoffsetfour=\skip46
\treeoffsetfive=\skip47
\treeoffsetsix=\skip48
\treeoffsetseven=\skip49
\treeoffseteight=\skip50
\treeoffsetnine=\skip51
\treeoffsetten=\skip52
\treeoffseteleven=\skip53
\treeoffsettwelve=\skip54
\treeoffsetthirteen=\skip55
\treeoffsetfourteen=\skip56
\treeoffsetfifteen=\skip57
\treeoffsetsixteen=\skip58
\treeoffsetseventeen=\skip59
\treeoffseteighteen=\skip60
\treeoffsetnineteen=\skip61
\treeoffsettwenty=\skip62
\treeshiftone=\skip63
\treeshifttwo=\skip64
\treeshiftthree=\skip65
\treeshiftfour=\skip66
\treeshiftfive=\skip67
\treeshiftsix=\skip68
\treeshiftseven=\skip69
\treeshifteight=\skip70
\treeshiftnine=\skip71
\treeshiftten=\skip72
\treeshifteleven=\skip73
\treeshifttwelve=\skip74
\treeshiftthirteen=\skip75
\treeshiftfourteen=\skip76
\treeshiftfifteen=\skip77
\treeshiftsixteen=\skip78
\treeshiftseventeen=\skip79
\treeshifteighteen=\skip80
\treeshiftnineteen=\skip81
\treeshifttwenty=\skip82
\treewidthone=\skip83
\treewidthtwo=\skip84
\treewidththree=\skip85
\treewidthfour=\skip86
\treewidthfive=\skip87
\treewidthsix=\skip88
\treewidthseven=\skip89
\treewidtheight=\skip90
\treewidthnine=\skip91
\treewidthten=\skip92
\treewidtheleven=\skip93
\treewidthtwelve=\skip94
\treewidththirteen=\skip95
\treewidthfourteen=\skip96
\treewidthfifteen=\skip97
\treewidthsixteen=\skip98
\treewidthseventeen=\skip99
\treewidtheighteen=\skip100
\treewidthnineteen=\skip101
\treewidthtwenty=\skip102
\daughteroffsetone=\skip103
\daughteroffsettwo=\skip104
\daughteroffsetthree=\skip105
\daughteroffsetfour=\skip106
\branchwidthone=\skip107
\branchwidthtwo=\skip108
\branchwidththree=\skip109
\branchwidthfour=\skip110
\parentoffset=\skip111
\treeoffset=\skip112
\daughteroffset=\skip113
\branchwidth=\skip114
\parentwidth=\skip115
\treewidth=\skip116
\qta=\toks16
\qtb=\toks17
\nbranches=\count90
\qroofx=\count91
\qroofy=\count92
\@qrscratchbox=\box48
)
(/usr/local/texlive/2010/texmf-dist/tex/latex/tree-dvips/tree-dvips.sty
\nodemargin=\dimen106
\treelinewidth=\dimen107
\dashlength=\dimen108
\arrowwidth=\dimen109
\arrowlength=\dimen110
\pos@t=\toks18
\pos@b=\toks19
\pos@l=\toks20
\pos@r=\toks21
\pos@tl=\toks22
\pos@tr=\toks23
\pos@bl=\toks24
\pos@br=\toks25
)
(/usr/local/texlive/2010/texmf-dist/tex/latex/graphics/graphicx.sty
Package: graphicx 1999/02/16 v1.0f Enhanced LaTeX Graphics (DPC,SPQR)

(/usr/local/texlive/2010/texmf-dist/tex/latex/graphics/keyval.sty
Package: keyval 1999/03/16 v1.13 key=value parser (DPC)
\KV@toks@=\toks26
)
(/usr/local/texlive/2010/texmf-dist/tex/latex/graphics/graphics.sty
Package: graphics 2009/02/05 v1.0o Standard LaTeX Graphics (DPC,SPQR)

(/usr/local/texlive/2010/texmf-dist/tex/latex/latexconfig/graphics.cfg
File: graphics.cfg 2010/04/23 v1.9 graphics configuration of TeX Live
)
Package graphics Info: Driver file: dvips.def on input line 91.
)
\Gin@req@height=\dimen111
\Gin@req@width=\dimen112
)
(/usr/local/texlive/2010/texmf-dist/tex/latex/wrapfig/wrapfig.sty
\wrapoverhang=\dimen113
\WF@size=\dimen114
\c@WF@wrappedlines=\count93
\WF@box=\box49
\WF@everypar=\toks27
Package: wrapfig 2003/01/31  v 3.6
)
(/usr/local/texlive/2010/texmf-dist/tex/latex/xcolor/xcolor.sty
Package: xcolor 2007/01/21 v2.11 LaTeX color extensions (UK)

(/usr/local/texlive/2010/texmf-dist/tex/latex/latexconfig/color.cfg
File: color.cfg 2007/01/18 v1.5 color configuration of teTeX/TeXLive
)
Package xcolor Info: Package option `usenames' ignored on input line 216.
Package xcolor Info: Driver file: dvips.def on input line 225.
Package xcolor Info: Model `cmy' substituted by `cmy0' on input line 1337.
Package xcolor Info: Model `RGB' extended on input line 1353.
Package xcolor Info: Model `HTML' substituted by `rgb' on input line 1355.
Package xcolor Info: Model `Hsb' substituted by `hsb' on input line 1356.
Package xcolor Info: Model `tHsb' substituted by `hsb' on input line 1357.
Package xcolor Info: Model `HSB' substituted by `hsb' on input line 1358.
Package xcolor Info: Model `Gray' substituted by `gray' on input line 1359.
Package xcolor Info: Model `wave' substituted by `hsb' on input line 1360.

(/usr/local/texlive/2010/texmf-dist/tex/latex/xcolor/x11nam.def
File: x11nam.def 2007/01/21 v2.11 Predefined colors according to Unix/X11 (UK)
))
(/usr/local/texlive/2010/texmf-dist/tex/generic/ulem/ulem.sty
\UL@box=\box50
\UL@hyphenbox=\box51
\UL@skip=\skip117
\UL@hook=\toks28
\UL@pe=\count94
\UL@pixel=\dimen115
\ULC@box=\box52
Package: ulem 2010/01/21
\ULdepth=\dimen116
)
(/usr/local/texlive/2010/texmf-dist/tex/latex/fancyhdr/fancyhdr.sty
\fancy@headwidth=\skip118
\f@ncyO@elh=\skip119
\f@ncyO@erh=\skip120
\f@ncyO@olh=\skip121
\f@ncyO@orh=\skip122
\f@ncyO@elf=\skip123
\f@ncyO@erf=\skip124
\f@ncyO@olf=\skip125
\f@ncyO@orf=\skip126
)
(/usr/local/texlive/2010/texmf-dist/tex/generic/oberdiek/ifpdf.sty
Package: ifpdf 2010/01/28 v2.1 Provides the ifpdf switch (HO)
Package ifpdf Info: pdfTeX in pdf mode not detected.
)
(/usr/local/texlive/2010/texmf-dist/tex/latex/base/makeidx.sty
Package: makeidx 2000/03/29 v1.0m Standard LaTeX package
)
(/usr/local/texlive/2010/texmf-dist/tex/latex/amsmath/amsmath.sty
Package: amsmath 2000/07/18 v2.13 AMS math features
\@mathmargin=\skip127

For additional information on amsmath, use the `?' option.
(/usr/local/texlive/2010/texmf-dist/tex/latex/amsmath/amstext.sty
Package: amstext 2000/06/29 v2.01

(/usr/local/texlive/2010/texmf-dist/tex/latex/amsmath/amsgen.sty
File: amsgen.sty 1999/11/30 v2.0
\@emptytoks=\toks29
\ex@=\dimen117
))
(/usr/local/texlive/2010/texmf-dist/tex/latex/amsmath/amsbsy.sty
Package: amsbsy 1999/11/29 v1.2d
\pmbraise@=\dimen118
)
(/usr/local/texlive/2010/texmf-dist/tex/latex/amsmath/amsopn.sty
Package: amsopn 1999/12/14 v2.01 operator names
)
\inf@bad=\count95
LaTeX Info: Redefining \frac on input line 211.
\uproot@=\count96
\leftroot@=\count97
LaTeX Info: Redefining \overline on input line 307.
\classnum@=\count98
\DOTSCASE@=\count99
LaTeX Info: Redefining \ldots on input line 379.
LaTeX Info: Redefining \dots on input line 382.
LaTeX Info: Redefining \cdots on input line 467.
\Mathstrutbox@=\box53
\strutbox@=\box54
\big@size=\dimen119
LaTeX Font Info:    Redeclaring font encoding OML on input line 567.
LaTeX Font Info:    Redeclaring font encoding OMS on input line 568.
\macc@depth=\count100
\c@MaxMatrixCols=\count101
\dotsspace@=\muskip10
\c@parentequation=\count102
\dspbrk@lvl=\count103
\tag@help=\toks30
\row@=\count104
\column@=\count105
\maxfields@=\count106
\andhelp@=\toks31
\eqnshift@=\dimen120
\alignsep@=\dimen121
\tagshift@=\dimen122
\tagwidth@=\dimen123
\totwidth@=\dimen124
\lineht@=\dimen125
\@envbody=\toks32
\multlinegap=\skip128
\multlinetaggap=\skip129
\mathdisplay@stack=\toks33
LaTeX Info: Redefining \[ on input line 2666.
LaTeX Info: Redefining \] on input line 2667.
)
(/usr/local/texlive/2010/texmf-dist/tex/latex/amsfonts/amsfonts.sty
Package: amsfonts 2009/06/22 v3.00 Basic AMSFonts support
\symAMSa=\mathgroup4
\symAMSb=\mathgroup5
LaTeX Font Info:    Overwriting math alphabet `\mathfrak' in version `bold'
(Font)                  U/euf/m/n --> U/euf/b/n on input line 96.
)
(/usr/local/texlive/2010/texmf-dist/tex/latex/amscls/amsthm.sty
Package: amsthm 2004/08/06 v2.20
\thm@style=\toks34
\thm@bodyfont=\toks35
\thm@headfont=\toks36
\thm@notefont=\toks37
\thm@headpunct=\toks38
\thm@preskip=\skip130
\thm@postskip=\skip131
\thm@headsep=\skip132
\dth@everypar=\toks39
)
(/usr/local/texlive/2010/texmf-dist/tex/latex/amsfonts/amssymb.sty
Package: amssymb 2009/06/22 v3.00
)
\c@theorem=\count107
\c@acknowledgement=\count108
\c@algorithm=\count109
\c@axiom=\count110
\c@case=\count111
\c@claim=\count112
\c@conclusion=\count113
\c@condition=\count114
\c@conjecture=\count115
\c@corollary=\count116
\c@criterion=\count117
\c@definition=\count118
\c@exercise=\count119
\c@law=\count120
\c@lemma=\count121
\c@problem=\count122
\c@property=\count123
\c@proposition=\count124
\c@remark=\count125
\c@summary=\count126
\c@phrase string=\count127
\c@notation=\count128
\c@maxim=\count129
\c@solution=\count130
\c@example=\count131

(/usr/local/texlive/2010/texmf-dist/tex/latex/natbib/natbib.sty
Package: natbib 2009/11/07 8.31a (PWD, AO)
\bibhang=\skip133
\bibsep=\skip134
LaTeX Info: Redefining \cite on input line 694.
\c@NAT@ctr=\count132
)
(/usr/local/texlive/2010/texmf-dist/tex/latex/hyperref/hyperref.sty
Package: hyperref 2010/06/18 v6.81g Hypertext links for LaTeX

(/usr/local/texlive/2010/texmf-dist/tex/generic/oberdiek/ltxcmds.sty
Package: ltxcmds 2010/04/26 v1.7 LaTeX kernel commands for general use (HO)
)
(/usr/local/texlive/2010/texmf-dist/tex/generic/oberdiek/kvsetkeys.sty
Package: kvsetkeys 2010/03/01 v1.9 Key value parser (HO)

(/usr/local/texlive/2010/texmf-dist/tex/generic/oberdiek/infwarerr.sty
Package: infwarerr 2010/04/08 v1.3 Providing info/warning/message (HO)
)
(/usr/local/texlive/2010/texmf-dist/tex/generic/oberdiek/etexcmds.sty
Package: etexcmds 2010/01/28 v1.3 Prefix for e-TeX command names (HO)
Package etexcmds Info: Could not find \expanded.
(etexcmds)             That can mean that you are not using pdfTeX 1.50 or
(etexcmds)             that some package has redefined \expanded.
(etexcmds)             In the latter case, load this package earlier.
))
(/usr/local/texlive/2010/texmf-dist/tex/generic/oberdiek/pdfescape.sty
Package: pdfescape 2010/03/01 v1.9 Provides hex, PDF name and string conversion
s (HO)

(/usr/local/texlive/2010/texmf-dist/tex/generic/oberdiek/pdftexcmds.sty
Package: pdftexcmds 2010/04/01 v0.9 Utility functions of pdfTeX for LuaTeX (HO)


(/usr/local/texlive/2010/texmf-dist/tex/generic/oberdiek/ifluatex.sty
Package: ifluatex 2010/03/01 v1.3 Provides the ifluatex switch (HO)
Package ifluatex Info: LuaTeX not detected.
)
Package pdftexcmds Info: LuaTeX not detected.
Package pdftexcmds Info: \pdf@primitive is available.
Package pdftexcmds Info: \pdf@ifprimitive is available.
))
(/usr/local/texlive/2010/texmf-dist/tex/generic/oberdiek/ifvtex.sty
Package: ifvtex 2010/03/01 v1.5 Switches for detecting VTeX and its modes (HO)
Package ifvtex Info: VTeX not detected.
)
(/usr/local/texlive/2010/texmf-dist/tex/generic/ifxetex/ifxetex.sty
Package: ifxetex 2009/01/23 v0.5 Provides ifxetex conditional
)
(/usr/local/texlive/2010/texmf-dist/tex/latex/oberdiek/hycolor.sty
Package: hycolor 2009/12/12 v1.6 Color options of hyperref/bookmark (HO)

(/usr/local/texlive/2010/texmf-dist/tex/latex/oberdiek/xcolor-patch.sty
Package: xcolor-patch 2009/12/12 xcolor patch
))
(/usr/local/texlive/2010/texmf-dist/tex/latex/oberdiek/letltxmacro.sty
Package: letltxmacro 2008/06/24 v1.3 Let assignment for LaTeX macros (HO)
)
\@linkdim=\dimen126
\Hy@linkcounter=\count133
\Hy@pagecounter=\count134

(/usr/local/texlive/2010/texmf-dist/tex/latex/hyperref/pd1enc.def
File: pd1enc.def 2010/06/18 v6.81g Hyperref: PDFDocEncoding definition (HO)
)
(/usr/local/texlive/2010/texmf-dist/tex/generic/oberdiek/intcalc.sty
Package: intcalc 2007/09/27 v1.1 Expandable integer calculations (HO)
)
(/usr/local/texlive/2010/texmf-dist/tex/latex/latexconfig/hyperref.cfg
File: hyperref.cfg 2002/06/06 v1.2 hyperref configuration of TeXLive
)
(/usr/local/texlive/2010/texmf-dist/tex/latex/oberdiek/kvoptions.sty
Package: kvoptions 2010/02/22 v3.7 Keyval support for LaTeX options (HO)
)
Package hyperref Info: Option `colorlinks' set `true' on input line 3577.
Package hyperref Info: Option `colorlinks' set `true' on input line 3577.
Package hyperref Info: Option `plainpages' set `false' on input line 3577.
Package hyperref Info: Option `pdfpagelabels' set `true' on input line 3577.
Package hyperref Info: Option `bookmarks' set `false' on input line 3577.
Package hyperref Info: Option `hyperfootnotes' set `false' on input line 3577.
Package hyperref Info: Hyper figures OFF on input line 3658.
Package hyperref Info: Link nesting OFF on input line 3663.
Package hyperref Info: Hyper index ON on input line 3666.
Package hyperref Info: Plain pages OFF on input line 3673.
Package hyperref Info: Backreferencing OFF on input line 3678.

Implicit mode ON; LaTeX internals redefined
Package hyperref Info: Bookmarks OFF on input line 3880.
(/usr/local/texlive/2010/texmf-dist/tex/latex/url/url.sty
\Urlmuskip=\muskip11
Package: url 2006/04/12  ver 3.3  Verb mode for urls, etc.
)
LaTeX Info: Redefining \url on input line 4159.

(/usr/local/texlive/2010/texmf-dist/tex/generic/oberdiek/bitset.sty
Package: bitset 2007/09/28 v1.0 Data type bit set (HO)

(/usr/local/texlive/2010/texmf-dist/tex/generic/oberdiek/bigintcalc.sty
Package: bigintcalc 2007/11/11 v1.1 Expandable big integer calculations (HO)
))
\Fld@menulength=\count135
\Field@Width=\dimen127
\Fld@charsize=\dimen128
\Field@toks=\toks40
Package hyperref Info: Hyper figures OFF on input line 5137.
Package hyperref Info: Link nesting OFF on input line 5142.
Package hyperref Info: Hyper index ON on input line 5145.
Package hyperref Info: backreferencing OFF on input line 5152.
Package hyperref Info: Link coloring ON on input line 5155.
Package hyperref Info: Link coloring with OCG OFF on input line 5162.
Package hyperref Info: PDF/A mode OFF on input line 5167.
LaTeX Info: Redefining \ref on input line 5207.
LaTeX Info: Redefining \pageref on input line 5211.

(/usr/local/texlive/2010/texmf-dist/tex/generic/oberdiek/atbegshi.sty
Package: atbegshi 2010/03/25 v1.12 At begin shipout hook (HO)
)
\Hy@abspage=\count136

Hyperref stopped early
)
* hyperref using driver htex4ht *
(/usr/local/texlive/2010/texmf-dist/tex/latex/hyperref/htex4ht.def
File: htex4ht.def 2010/06/18 v6.81g Hyperref driver for TeX4ht

hyperref tex4ht: tex4ht already loaded
))
(/usr/local/texlive/2010/../texmf-local/tex/generic/mysty/mymath/mathcommands.s
ty
Package: mathcommands 
)
\@indexfile=\write3
\openout3 = `MathStuff.idx'.


Writing index file MathStuff.idx
(/usr/local/texlive/2010/texmf-dist/tex/generic/tex4ht/tex4ht.4ht
version 2009-01-07-07:11
--------------------------------------
--- Note --- for additional information, use the command line option `info'
--------------------------------------

::::::::::::::::::::::::::::::::::::::::::
 TeX4ht info is available in the log file 
::::::::::::::::::::::::::::::::::::::::::
) (/usr/local/texlive/2010/texmf-dist/tex/generic/tex4ht/tex4ht.sty
version 2008-10-27-17:23

--- needs --- tex4ht MathStuff ---
\tmp:cnt=\count137
\openout15 = `MathStuff.tmp'.

(./MathStuff.tmp)
\tmp:dim=\skip135
--------------------------------------
--- Note --- for XML code, use the command line option `xml' or `xhtml'
--------------------------------------
 (./MathStuff.xref)
\:refout=\write4
\openout4 = `MathStuff.xref'.


(/usr/local/texlive/2010/texmf-dist/tex/generic/tex4ht/html4.4ht
version 2009-05-18-23:01
--------------------------------------
--- Note --- to remove the <?xml version=...?> processing instruction use the c
ommand line option `no-VERSION'
--------------------------------------
--------------------------------------
--- Note --- to remove the DOCTYPE declaration use the command line option `no-
DOCTYPE'
--------------------------------------
)
(/usr/local/texlive/2010/texmf-dist/tex/generic/tex4ht/html4-math.4ht
version 2009-05-18-23:01
)
--------------------------------------
--- Note --- for marking of the base font, use the command line option `fonts+'

--------------------------------------
--------------------------------------
--- Note --- for non active _, use the command line option `no_'
--------------------------------------
--------------------------------------
--- Note --- for _ of catcode 13, use the command line option `_13'
--------------------------------------
--------------------------------------
--- Note --- for non active ^, use the command line option `no^'
--------------------------------------
--------------------------------------
--- Note --- for ^ of catcode 13, use the command line option `^13'
--------------------------------------

(/usr/local/texlive/2010/texmf-dist/tex/generic/tex4ht/html4.4ht
version 2009-05-18-23:01
--------------------------------------
--- Note --- for alternative charset, use the command line option `charset=...'

--------------------------------------
--------------------------------------
--- Note --- to ignore CSS font decoration, use the `NoFonts' command line opti
on
--------------------------------------
--------------------------------------
--- Note --- for jpg bitmaps of pictures, use the `jpg' command line option. (C
haracter bitmaps are controled only by `g' records of tex4ht.env and `-g' switc
hes of tex4ht.c) 
--------------------------------------
--------------------------------------
--- Note --- for gif bitmaps of pictures, use the `gif' command line option. (C
haracter bitmaps are controled only by `g' records of tex4ht.env and `-g' switc
hes of tex4ht.c) 
--------------------------------------
--------------------------------------
--- Note --- for content and toc in 2 frames, use the command line option `fram
es'
--------------------------------------
--------------------------------------
--- Note --- for content, toc, and footnotes in 3 frames, use the command line 
option `frames-fn'
--------------------------------------
--------------------------------------
--- Note --- for file extension name xht, use the command line option `xht'
--------------------------------------
TeX4ht package options: html
--------------------------------------
--- Note --- to ignore CSS code, use the command line option `-css
--------------------------------------
--------------------------------------
--- Note --- for inline CSS code, use the command line option `css-in'
--------------------------------------
--------------------------------------
--- Note --- for pop ups on mouse over, use the command line option `mouseover'

--------------------------------------
--------------------------------------
--- Note --- for addressing images in a subdirectory, use the command line opti
on `imgdir:.../'
--------------------------------------
)
(/usr/local/texlive/2010/texmf-dist/tex/generic/tex4ht/html4-math.4ht
version 2009-05-18-23:01
)
\:tokwrite=\toks41
\:tokpage=\toks42
--------------------------------------
--- Note --- for back links to toc, use the command line option `sections+'
--------------------------------------
--------------------------------------
--- Note --- for linear crosslinks of pages, use the command line option `next'

--------------------------------------
\openout15 = `MathStuff.4ct'.

\:tocout=\write5
\openout5 = `MathStuff.4tc'.


(/usr/local/texlive/2010/texmf-dist/tex/generic/tex4ht/html4.4ht
version 2009-05-18-23:01
)
(/usr/local/texlive/2010/texmf-dist/tex/generic/tex4ht/html4-math.4ht
version 2009-05-18-23:01
)
(/usr/local/texlive/2010/texmf-dist/tex/generic/tex4ht/latex.4ht
version 2009-05-21-09:32
--------------------------------------
--- Note --- for links into captions, instead of float heads, use the command l
ine option `refcaption'
--------------------------------------

(/usr/local/texlive/2010/texmf-dist/tex/generic/tex4ht/html4.4ht
version 2009-05-18-23:01
--------------------------------------
--- Note --- For mini tocs immediately aftter the header use the command line o
ption `minitoc<'
--------------------------------------
--------------------------------------
--- Note --- for enumerated list elements with valued data, use the command lin
e option `enumerate+'
--------------------------------------
--------------------------------------
--- Note --- for enumerated list elements li's with value attributes, use the c
ommand line option `enumerate-'
--------------------------------------
--------------------------------------
--- Note --- for CSS2 code, use the command line option `css2'
--------------------------------------
--------------------------------------
--- Note --- for pictorial tabular, use the command line option `pic-tabular'
--------------------------------------
--------------------------------------
--- Note --- for bitmap fbox'es, use the command line option `pic-fbox'
--------------------------------------
--------------------------------------
--- Note --- for bitmap framebox'es, use the command line option `pic-framebox'

--------------------------------------
--------------------------------------
--- Note --- for inline footnotes use command line option `fn-in'
--------------------------------------
--------------------------------------
--- Note --- for tracing of latex font commands, use the command line option `f
onts'
--------------------------------------
--------------------------------------
--- Note --- for width specifications of tabular p entries, use the `p-width' c
ommand line option or a configuration similar to \Configure{HColWidth}{\HCode{ 
style="width:\HColWidth"}}
--------------------------------------
)
(/usr/local/texlive/2010/texmf-dist/tex/generic/tex4ht/html4-math.4ht
version 2009-05-18-23:01
--------------------------------------
--- Note --- for pictorial eqnarray, use the command line option `pic-eqnarray'

--------------------------------------
--------------------------------------
--- Note --- for pictorial array, use the command line option `pic-array'
--------------------------------------
--------------------------------------
--- Note --- for pictorial $...$ environments, use the command line option `pic
-m' (not recommended!!)
--------------------------------------
--------------------------------------
--- Note --- for pictorial $...$ and $$...$$ environments with latex alt, use t
he command line option `pic-m+' (not safe!!)
--------------------------------------
--------------------------------------
--- Note --- for pictorial array, use the command line option `pic-array'
--------------------------------------
))
(/usr/local/texlive/2010/texmf-dist/tex/generic/tex4ht/fontmath.4ht
version 2009-05-21-09:32

(/usr/local/texlive/2010/texmf-dist/tex/generic/tex4ht/html4.4ht
version 2009-05-18-23:01
)
(/usr/local/texlive/2010/texmf-dist/tex/generic/tex4ht/html4-math.4ht
version 2009-05-18-23:01
))
(/usr/local/texlive/2010/texmf-dist/tex/generic/tex4ht/book.4ht
version 2009-05-21-09:32

(/usr/local/texlive/2010/texmf-dist/tex/generic/tex4ht/html4.4ht
version 2009-05-18-23:01
--------------------------------------
--- Note --- for automatic sectioning pagination, use the command line option `
1', `2', `3', '4', '5', '6', or '7'
--------------------------------------
--------------------------------------
--- Note --- for files named derived from section titles, use the command line 
option `sec-filename'
--------------------------------------
--------------------------------------
--- Note --- for i-columns index, use the command line option `index=i' (e.g., 
index=2)
--------------------------------------
)
(/usr/local/texlive/2010/texmf-dist/tex/generic/tex4ht/html4-math.4ht
version 2009-05-18-23:01
))
(/usr/local/texlive/2010/texmf-dist/tex/generic/tex4ht/dvips.4ht
version 2009-05-21-09:32

(/usr/local/texlive/2010/texmf-dist/tex/generic/tex4ht/html4.4ht
version 2009-05-18-23:01
)
(/usr/local/texlive/2010/texmf-dist/tex/generic/tex4ht/html4-math.4ht
version 2009-05-18-23:01
))
(/usr/local/texlive/2010/texmf-dist/tex/generic/tex4ht/graphicx.4ht
version 2009-05-21-09:32

(/usr/local/texlive/2010/texmf-dist/tex/generic/tex4ht/html4.4ht
version 2009-05-18-23:01
)
(/usr/local/texlive/2010/texmf-dist/tex/generic/tex4ht/html4-math.4ht
version 2009-05-18-23:01
))
(/usr/local/texlive/2010/texmf-dist/tex/generic/tex4ht/graphics.4ht
version 2009-05-21-09:32

(/usr/local/texlive/2010/texmf-dist/tex/generic/tex4ht/html4.4ht
version 2009-05-18-23:01
--------------------------------------
--- Note --- if included graphics are of degraded quality, try the command line
 options `graphics-num' or `graphics-'. The `num' should provide the density of
 pixels in the bitmaps (e.g., 110). 
--------------------------------------
--------------------------------------
--- Note --- for key dimensions try the option `Gin-dim'; for key dimensions wh
en bounding box is unavailable try `Gin-dim+'; neither is recommended
--------------------------------------
)
(/usr/local/texlive/2010/texmf-dist/tex/generic/tex4ht/html4-math.4ht
version 2009-05-18-23:01
))
(/usr/local/texlive/2010/texmf-dist/tex/generic/tex4ht/wrapfig.4ht
version 2009-05-21-09:32

(/usr/local/texlive/2010/texmf-dist/tex/generic/tex4ht/html4.4ht
version 2009-05-18-23:01
)
(/usr/local/texlive/2010/texmf-dist/tex/generic/tex4ht/html4-math.4ht
version 2009-05-18-23:01
))
(/usr/local/texlive/2010/texmf-dist/tex/generic/tex4ht/xcolor.4ht
version 2009-05-21-09:32

(/usr/local/texlive/2010/texmf-dist/tex/generic/tex4ht/color.4ht
version 2009-05-21-09:32

(/usr/local/texlive/2010/texmf-dist/tex/generic/tex4ht/html4.4ht
version 2009-05-18-23:01
)
(/usr/local/texlive/2010/texmf-dist/tex/generic/tex4ht/html4-math.4ht
version 2009-05-18-23:01
))
(/usr/local/texlive/2010/texmf-dist/tex/generic/tex4ht/html4.4ht
version 2009-05-18-23:01
)
(/usr/local/texlive/2010/texmf-dist/tex/generic/tex4ht/html4-math.4ht
version 2009-05-18-23:01
))
(/usr/local/texlive/2010/texmf-dist/tex/generic/tex4ht/color.4ht
version 2009-05-21-09:32
)
(/usr/local/texlive/2010/texmf-dist/tex/generic/tex4ht/ulem.4ht
version 2009-05-21-09:32

(/usr/local/texlive/2010/texmf-dist/tex/generic/tex4ht/html4.4ht
version 2009-05-18-23:01
)
(/usr/local/texlive/2010/texmf-dist/tex/generic/tex4ht/html4-math.4ht
version 2009-05-18-23:01
))
(/usr/local/texlive/2010/texmf-dist/tex/generic/tex4ht/makeidx.4ht
version 2009-05-21-09:32

(/usr/local/texlive/2010/texmf-dist/tex/generic/tex4ht/html4.4ht
version 2009-05-18-23:01
)
(/usr/local/texlive/2010/texmf-dist/tex/generic/tex4ht/html4-math.4ht
version 2009-05-18-23:01
))
(/usr/local/texlive/2010/texmf-dist/tex/generic/tex4ht/amsmath.4ht
version 2009-05-21-09:32
\tmp:muskip=\muskip12

(/usr/local/texlive/2010/texmf-dist/tex/generic/tex4ht/html4.4ht
version 2009-05-18-23:01
)
(/usr/local/texlive/2010/texmf-dist/tex/generic/tex4ht/html4-math.4ht
version 2009-05-18-23:01
))
(/usr/local/texlive/2010/texmf-dist/tex/generic/tex4ht/amstext.4ht
version 2009-05-21-09:32

(/usr/local/texlive/2010/texmf-dist/tex/generic/tex4ht/html4.4ht
version 2009-05-18-23:01
)
(/usr/local/texlive/2010/texmf-dist/tex/generic/tex4ht/html4-math.4ht
version 2009-05-18-23:01
))
(/usr/local/texlive/2010/texmf-dist/tex/generic/tex4ht/amsbsy.4ht
version 2009-05-21-09:32

(/usr/local/texlive/2010/texmf-dist/tex/generic/tex4ht/html4.4ht
version 2009-05-18-23:01
)
(/usr/local/texlive/2010/texmf-dist/tex/generic/tex4ht/html4-math.4ht
version 2009-05-18-23:01
))
(/usr/local/texlive/2010/texmf-dist/tex/generic/tex4ht/amsopn.4ht
version 2009-05-21-09:32

(/usr/local/texlive/2010/texmf-dist/tex/generic/tex4ht/html4.4ht
version 2009-05-18-23:01
)
(/usr/local/texlive/2010/texmf-dist/tex/generic/tex4ht/html4-math.4ht
version 2009-05-18-23:01
))
(/usr/local/texlive/2010/texmf-dist/tex/generic/tex4ht/amsfonts.4ht
version 2009-05-21-09:32

(/usr/local/texlive/2010/texmf-dist/tex/generic/tex4ht/html4.4ht
version 2009-05-18-23:01
)
(/usr/local/texlive/2010/texmf-dist/tex/generic/tex4ht/html4-math.4ht
version 2009-05-18-23:01
))
(/usr/local/texlive/2010/texmf-dist/tex/generic/tex4ht/amsthm.4ht
version 2009-05-21-09:32

(/usr/local/texlive/2010/texmf-dist/tex/generic/tex4ht/html4.4ht
version 2009-05-18-23:01
)
(/usr/local/texlive/2010/texmf-dist/tex/generic/tex4ht/html4-math.4ht
version 2009-05-18-23:01
))
(/usr/local/texlive/2010/texmf-dist/tex/generic/tex4ht/amssymb.4ht
version 2009-05-21-09:32

(/usr/local/texlive/2010/texmf-dist/tex/generic/tex4ht/html4.4ht
version 2009-05-18-23:01
)
(/usr/local/texlive/2010/texmf-dist/tex/generic/tex4ht/html4-math.4ht
version 2009-05-18-23:01
))
(/usr/local/texlive/2010/texmf-dist/tex/generic/tex4ht/natbib.4ht
version 2009-05-21-09:32

(/usr/local/texlive/2010/texmf-dist/tex/generic/tex4ht/html4.4ht
version 2009-05-18-23:01
)
(/usr/local/texlive/2010/texmf-dist/tex/generic/tex4ht/html4-math.4ht
version 2009-05-18-23:01
))
(/usr/local/texlive/2010/texmf-dist/tex/generic/tex4ht/hyperref.4ht
version 2009-05-21-09:32

(/usr/local/texlive/2010/texmf-dist/tex/latex/hyperref/nameref.sty
Package: nameref 2010/04/30 v2.40 Cross-referencing by name of section

(/usr/local/texlive/2010/texmf-dist/tex/latex/oberdiek/refcount.sty
Package: refcount 2008/08/11 v3.1 Data extraction from references (HO)
)
(/usr/local/texlive/2010/texmf-dist/tex/generic/oberdiek/gettitlestring.sty
Package: gettitlestring 2009/12/18 v1.3 Cleanup title references (HO)
)
\c@section@level=\count138
)
(/usr/local/texlive/2010/texmf-dist/tex/generic/tex4ht/nameref.4ht
version 2009-05-21-09:32

(/usr/local/texlive/2010/texmf-dist/tex/generic/tex4ht/html4.4ht
version 2009-05-18-23:01
)
(/usr/local/texlive/2010/texmf-dist/tex/generic/tex4ht/html4-math.4ht
version 2009-05-18-23:01
))
LaTeX Info: Redefining \autoref on input line 99.

(/usr/local/texlive/2010/texmf-dist/tex/generic/tex4ht/html4.4ht
version 2009-05-18-23:01
)
(/usr/local/texlive/2010/texmf-dist/tex/generic/tex4ht/html4-math.4ht
version 2009-05-18-23:01
))
(/usr/local/texlive/2010/texmf-dist/tex/generic/tex4ht/pd1enc.4ht
version 2009-05-21-09:32

(/usr/local/texlive/2010/texmf-dist/tex/generic/tex4ht/html4.4ht
version 2009-05-18-23:01
)
(/usr/local/texlive/2010/texmf-dist/tex/generic/tex4ht/html4-math.4ht
version 2009-05-18-23:01
))
(/usr/local/texlive/2010/texmf-dist/tex/generic/tex4ht/url.4ht
version 2009-05-21-09:32

(/usr/local/texlive/2010/texmf-dist/tex/generic/tex4ht/html4.4ht
version 2009-05-18-23:01
--------------------------------------
--- Note --- for URL encoding within href use the command line option `url-enc'

--------------------------------------
)
(/usr/local/texlive/2010/texmf-dist/tex/generic/tex4ht/html4-math.4ht
version 2009-05-18-23:01
))
(/usr/local/texlive/2010/texmf-dist/tex/generic/tex4ht/html4.4ht
version 2009-05-18-23:01
)
(/usr/local/texlive/2010/texmf-dist/tex/generic/tex4ht/html4-math.4ht
version 2009-05-18-23:01
))
(./MathStuff.aux (./arithmetic.aux) (./elementaryalgebra.aux))
\openout1 = `MathStuff.aux'.

LaTeX Font Info:    Checking defaults for OML/cmm/m/it on input line 7.
LaTeX Font Info:    ... okay on input line 7.
LaTeX Font Info:    Checking defaults for T1/cmr/m/n on input line 7.
LaTeX Font Info:    ... okay on input line 7.
LaTeX Font Info:    Checking defaults for OT1/cmr/m/n on input line 7.
LaTeX Font Info:    ... okay on input line 7.
LaTeX Font Info:    Checking defaults for OMS/cmsy/m/n on input line 7.
LaTeX Font Info:    ... okay on input line 7.
LaTeX Font Info:    Checking defaults for OMX/cmex/m/n on input line 7.
LaTeX Font Info:    ... okay on input line 7.
LaTeX Font Info:    Checking defaults for U/cmr/m/n on input line 7.
LaTeX Font Info:    ... okay on input line 7.
LaTeX Font Info:    Checking defaults for PD1/pdf/m/n on input line 7.
LaTeX Font Info:    ... okay on input line 7.
\AtBeginShipoutBox=\box55
Package hyperref Info: Link coloring ON on input line 7.
LaTeX Info: Redefining \ref on input line 7.
LaTeX Info: Redefining \pageref on input line 7.
LaTeX Info: Redefining \nameref on input line 7.
--- file MathStuff.css ---
 [1

] [2

] [3]
LaTeX Font Info:    Try loading font information for U+msa on input line 12.

(/usr/local/texlive/2010/texmf-dist/tex/latex/amsfonts/umsa.fd
File: umsa.fd 2009/06/22 v3.00 AMS symbols A
)
LaTeX Font Info:    Try loading font information for U+msb on input line 12.

(/usr/local/texlive/2010/texmf-dist/tex/latex/amsfonts/umsb.fd
File: umsb.fd 2009/06/22 v3.00 AMS symbols B
)

! LaTeX Error: File `Screenshot-1' not found.

See the LaTeX manual or LaTeX Companion for explanation.
Type  H <return>  for immediate help.
 ...                                              
                                                  
l.12 \maketitle
               
? 
[1] [2] (./MathStuff.4ct) [3

] [4

] (./MathStuff.4ct) [5] [6

] (./MathStuff.4ct)
[7] [8

]

Package natbib Warning: Citation `gustfriskalgebra' on page 9 undefined on inpu
t line 30.


Package natbib Warning: Citation `mathbook' on page 9 undefined on input line 3
0.


Package natbib Warning: Citation `pmw:1990' on page 9 undefined on input line 3
0.


Package natbib Warning: Citation `kleene:1967' on page 9 undefined on input lin
e 30.


Package natbib Warning: Citation `silvthomp' on page 9 undefined on input line 
30.

[9] [10] [11

]
\openout2 = `arithmetic.aux'.

 (./arithmetic.tex [12

]
Chapter 1.
---------------------------------------------------------
l.9 --- TeX4ht warning --- If not done so, the index is to be processed by 
  tex '\def\filename{{MathStuff}{idx}{4dx}{ind}} \input  idxmake.4ht' 
  makeindex -o MathStuff.ind MathStuff.4dx 
instead of 
  makeindex -o MathStuff.ind MathStuff.idx 
On some platforms, the quotation marks ' should be 
 replaced by double quotation marks " or eliminated. 
---------------------------------------------------------  ---
l. 10 Writing MathStuff.idv[1] (MathStuff0x.png)
l. 12 Writing MathStuff.idv[2] (MathStuff1x.png)
l. 14 Writing MathStuff.idv[3] (MathStuff2x.png)
l. 17 Writing MathStuff.idv[4] (MathStuff3x.png)
[13

]
l. 20 Writing MathStuff.idv[5] (MathStuff4x.png)
l. 24 Writing MathStuff.idv[6] (MathStuff5x.png)
l. 26 Writing MathStuff.idv[7] (MathStuff6x.png)
l. 32 Writing MathStuff.idv[8] (MathStuff7x.png)
l. 32 Writing MathStuff.idv[9] (MathStuff8x.png)
 [14]
l. 34 Writing MathStuff.idv[10] (MathStuff9x.png)
 [15] [16]
Chapter 2.
l. 62 Writing MathStuff.idv[11] (MathStuff10x.png)
l. 66 Writing MathStuff.idv[12] (MathStuff11x.png)
l. 70 Writing MathStuff.idv[13] (MathStuff12x.png)
[17

]
l. 76 Writing MathStuff.idv[14] (MathStuff13x.png)
l. 82 Writing MathStuff.idv[15] (MathStuff14x.png)
 [18]
l. 86 Writing MathStuff.idv[16] (MathStuff15x.png)
--- file MathStuff2.html ---
l. 90 Writing MathStuff.idv[17] (MathStuff16x.png)
l. 94 Writing MathStuff.idv[18] (MathStuff17x.png)
 [19

]
l. 98 Writing MathStuff.idv[19] (MathStuff18x.png)
l. 104 Writing MathStuff.idv[20] (MathStuff19x.png)
l. 108 Writing MathStuff.idv[21] (MathStuff20x.png)
 [20]
l. 112 Writing MathStuff.idv[22] (MathStuff21x.png)
l. 116 Writing MathStuff.idv[23] (MathStuff22x.png)
l. 120 Writing MathStuff.idv[24] (MathStuff23x.png)
 [21]
l. 128 Writing MathStuff.idv[25] (MathStuff24x.png)
l. 132 Writing MathStuff.idv[26] (MathStuff25x.png)
 [22]
l. 137 Writing MathStuff.idv[27] (MathStuff26x.png)
l. 143 Writing MathStuff.idv[28] (MathStuff27x.png)
 [23]
l. 147 Writing MathStuff.idv[29] (MathStuff28x.png)
l. 160 Writing MathStuff.idv[30] (MathStuff29x.png)
 [24]
l. 164 Writing MathStuff.idv[31] (MathStuff30x.png)
l. 168 Writing MathStuff.idv[32] (MathStuff31x.png)
--- file MathStuff3.html ---
 [25

] [26] [27]) [28] [29

]
\openout2 = `elementaryalgebra.aux'.


(./elementaryalgebra.tex

! LaTeX Error: Can be used only in preamble.

See the LaTeX manual or LaTeX Companion for explanation.
Type  H <return>  for immediate help.
 ...                                              
                                                  
l.2 \documentclass
                  {book}  \usepackage{mathpackages,mathcommands}  \begin{doc...

? 

! LaTeX Error: Can be used only in preamble.

See the LaTeX manual or LaTeX Companion for explanation.
Type  H <return>  for immediate help.
 ...                                              
                                                  
l.2 \documentclass{book}  \usepackage
                                     {mathpackages,mathcommands}  \begin{doc...

? 

! LaTeX Error: Can be used only in preamble.

See the LaTeX manual or LaTeX Companion for explanation.
Type  H <return>  for immediate help.
 ...                                              
                                                  
l.2 ...athpackages,mathcommands}  \begin{document}
                                                  
? 
[30

]
Chapter 3.
l. 7 Writing MathStuff.idv[33] (MathStuff32x.png)
l. 14 Writing MathStuff.idv[34] (MathStuff33x.png)
l. 26 Writing MathStuff.idv[35] (MathStuff34x.png)
[31

]
l. 31 Writing MathStuff.idv[36] (MathStuff35x.png)
l. 46 Writing MathStuff.idv[37] (MathStuff36x.png)
 [32]
l. 57 Writing MathStuff.idv[38] (MathStuff37x.png)
l. 57 Writing MathStuff.idv[39] (MathStuff38x.png)
l. 65 Writing MathStuff.idv[40] (MathStuff39x.png)
l. 70 Writing MathStuff.idv[41] (MathStuff40x.png)
 [33]
l. 76 Writing MathStuff.idv[42] (MathStuff41x.png)
l. 76 Writing MathStuff.idv[43] (MathStuff42x.png)
l. 76 Writing MathStuff.idv[44] (MathStuff43x.png)
l. 77 Writing MathStuff.idv[45] (MathStuff44x.png)
l. 80 Writing MathStuff.idv[46] (MathStuff45x.png)
l. 83 Writing MathStuff.idv[47] (MathStuff46x.png)
l. 84 Writing MathStuff.idv[48] (MathStuff47x.png)
l. 85 Writing MathStuff.idv[49] (MathStuff48x.png)
l. 89 Writing MathStuff.idv[50] (MathStuff49x.png)
 [34] [35] [36

] [37

] [38

]
l. 128 Writing MathStuff.idv[51] (MathStuff50x.png)
l. 128 Writing MathStuff.idv[52] (MathStuff51x.png)
l. 128 Writing MathStuff.idv[53] (MathStuff52x.png)
l. 135 Writing MathStuff.idv[54] (MathStuff53x.png)
l. 135 Writing MathStuff.idv[55] (MathStuff54x.png)
l. 135 Writing MathStuff.idv[56] (MathStuff55x.png)
 [39] [40]
l. 157 Writing MathStuff.idv[57] (MathStuff56x.png)
 [41]
l.160 --- TeX4ht warning --- missing \Configure{HColor}{teal}{...} (in LaTeX: r
gb 0 0.5 0.5) ---
l.160 --- TeX4ht warning --- missing \Configure{HColor}{orange}{...} (in LaTeX:
 rgb 1 0.5 0) ---
[42] [43]
l. 195 Writing MathStuff.idv[58] (MathStuff57x.png)
 [44]
l. 208 Writing MathStuff.idv[59] (MathStuff58x.png)
l. 209 Writing MathStuff.idv[60] (MathStuff59x.png)
l. 214 Writing MathStuff.idv[61] (MathStuff60x.png)
l. 214 Writing MathStuff.idv[62] (MathStuff61x.png)
l. 214 Writing MathStuff.idv[63] (MathStuff62x.png)
l. 214 Writing MathStuff.idv[64] (MathStuff63x.png)
l. 214 Writing MathStuff.idv[65] (MathStuff64x.png)
l. 214 Writing MathStuff.idv[66] (MathStuff65x.png)
l. 214 Writing MathStuff.idv[67] (MathStuff66x.png)
l. 214 Writing MathStuff.idv[68] (MathStuff67x.png)
 [45]
l.215 --- TeX4ht warning --- missing \Configure{HColor}{purple}{...} (in LaTeX:
 rgb 0.75 0 0.25) ---
l. 215 Writing MathStuff.idv[69] (MathStuff68x.png)
l. 215 Writing MathStuff.idv[70] (MathStuff69x.png)
l. 215 Writing MathStuff.idv[71] (MathStuff70x.png)
l. 219 Writing MathStuff.idv[72] (MathStuff71x.png)
[46]
l. 233 Writing MathStuff.idv[73] (MathStuff72x.png)
l. 233 Writing MathStuff.idv[74] (MathStuff73x.png)
l. 239 Writing MathStuff.idv[75] (MathStuff74x.png)
 [47] [48] [49] [50]
l. 283 Writing MathStuff.idv[76] (MathStuff75x.png)

! Argument of \HColor:gray has an extra }.
<inserted text> 
                \par 
l.294 \end{align*}
                  
? 
Runaway argument?
//\fi \ifx \HColor \relax \expandafter \ifx \csname get!HColor\endcsname \ETC.
! Paragraph ended before \HColor:gray was complete.
<to be read again> 
                   \par 
l.294 \end{align*}
                  
? 
! Missing } inserted.
<inserted text> 
                }
l.294 \end{align*}
                  
? 
! Extra }, or forgotten $.
<template> }
            $\c:halign \endtemplate 
l.294 \end{align*}
                  
? 
! Argument of \HColor:gray has an extra }.
<inserted text> 
                \par 
l.294 \end{align*}
                  
? 
Runaway argument?
//\fi \ifx \HColor \relax \expandafter \ifx \csname get!HColor\endcsname \ETC.
! Paragraph ended before \HColor:gray was complete.
<to be read again> 
                   \par 
l.294 \end{align*}
                  
? 
! Missing } inserted.
<inserted text> 
                }
l.294 \end{align*}
                  
? 
! Extra }, or forgotten $.
<template> }
            $\c:halign \endtemplate 
l.294 \end{align*}
                  
? 
l. 294 Writing MathStuff.idv[77] (MathStuff76x.png)
! Argument of \HColor:gray has an extra }.
<inserted text> 
                \par 
l.294 \end{align*}
                  
? 
Runaway argument?
//\fi \ifx \HColor \relax \expandafter \ifx \csname get!HColor\endcsname \ETC.
! Paragraph ended before \HColor:gray was complete.
<to be read again> 
                   \par 
l.294 \end{align*}
                  
? 
! Missing } inserted.
<inserted text> 
                }
l.294 \end{align*}
                  
? 
! Extra }, or forgotten $.
<template> }
            $\c:halign \endtemplate 
l.294 \end{align*}
                  
? 
[51]
l. 298 Writing MathStuff.idv[78] (MathStuff77x.png)
l. 302 Writing MathStuff.idv[79] (MathStuff78x.png)
 [52]
l. 308 Writing MathStuff.idv[80] (MathStuff79x.png)
l. 325 Writing MathStuff.idv[81] (MathStuff80x.png)
l. 325 Writing MathStuff.idv[82] (MathStuff81x.png)
l. 325 Writing MathStuff.idv[83] (MathStuff82x.png)
l. 325 Writing MathStuff.idv[84] (MathStuff83x.png)
l. 325 Writing MathStuff.idv[85] (MathStuff84x.png)
l. 325 Writing MathStuff.idv[86] (MathStuff85x.png)
l. 325 Writing MathStuff.idv[87] (MathStuff86x.png)
l. 325 Writing MathStuff.idv[88] (MathStuff87x.png)
l. 325 Writing MathStuff.idv[89] (MathStuff88x.png)
l. 325 Writing MathStuff.idv[90] (MathStuff89x.png)
l. 325 Writing MathStuff.idv[91] (MathStuff90x.png)
 [53]
l. 326 Writing MathStuff.idv[92] (MathStuff91x.png)
l. 326 Writing MathStuff.idv[93] (MathStuff92x.png)
l. 327 Writing MathStuff.idv[94] (MathStuff93x.png)
 [54] [55]
l. 349 Writing MathStuff.idv[95] (MathStuff94x.png)
 [56] [57]
l. 391 Writing MathStuff.idv[96] (MathStuff95x.png)
 [58] [59

]

! LaTeX Error: File `pascals-triangle-and-sierpinski-triangle' not found.

See the LaTeX manual or LaTeX Companion for explanation.
Type  H <return>  for immediate help.
 ...                                              
                                                  
l.414 ...pascals-triangle-and-sierpinski-triangle}
                                                  \caption{Pascal and Sierpi...

? 
[60

]
LaTeX Font Info:    Font shape `OT1/cmtt/bx/n' in size <10> not available
(Font)              Font shape `OT1/cmtt/m/n' tried instead on input line 417.
l. 419 Writing MathStuff.idv[97] (MathStuff96x.png)
l. 431 Writing MathStuff.idv[98] (MathStuff97x.png)
 [61

]
l. 441 Writing MathStuff.idv[99] (MathStuff98x.png)
l. 444 Writing MathStuff.idv[100] (MathStuff99x.png)
 [62]
l. 452 Writing MathStuff.idv[101] (MathStuff100x.png)
 [63] [64]
l. 477 Writing MathStuff.idv[102] (MathStuff101x.png)
l. 481 Writing MathStuff.idv[103] (MathStuff102x.png)
 [65]
l. 486 Writing MathStuff.idv[104] (MathStuff103x.png)
l. 495 Writing MathStuff.idv[105] (MathStuff104x.png)
 [66]
l. 499 Writing MathStuff.idv[106] (MathStuff105x.png)
l. 512 Writing MathStuff.idv[107] (MathStuff106x.png)
l. 512 Writing MathStuff.idv[108] (MathStuff107x.png)
 [67]
l. 519 Writing MathStuff.idv[109] (MathStuff108x.png)
 [68]
l. 523 Writing MathStuff.idv[110] (MathStuff109x.png)
 [69]
l. 538 Writing MathStuff.idv[111] (MathStuff110x.png)
l. 538 Writing MathStuff.idv[112] (MathStuff111x.png)
l. 538 Writing MathStuff.idv[113] (MathStuff112x.png)
l. 543 Writing MathStuff.idv[114] (MathStuff113x.png)
 [70]
--- file MathStuff4.html ---
\c@peanoaxiom=\count139
 [71

]
l.578 --- TeX4ht warning --- missing \Configure{HColor}{olive}{...} (in LaTeX: 
cmyk 0 0 1 0.5) ---
[72]
l. 590 Writing MathStuff.idv[115] (MathStuff114x.png)
 [73]
l. 597 Writing MathStuff.idv[116] (MathStuff115x.png)
 [74]
l. 616 Writing MathStuff.idv[117] (MathStuff116x.png)
 [75] [76]
--- file MathStuff5.html ---


Package natbib Warning: There were undefined citations.

[77

] (./MathStuff.aux (./arithmetic.aux) (./elementaryalgebra.aux)
Runaway argument?
{{\rEfLiNK {x1-44003r3}{\csname \string :autoref\endcsname {equation}\ETC.
! File ended while scanning use of \:testdef.
<inserted text> 
                \par 
l.24 \@input{elementaryalgebra.aux}
                                   
? 
) ) )
(\end occurred inside a group at level 1)

### semi simple group (level 1) entered at line 2 (\begingroup)
### bottom level
(\end occurred when \ifx on line 294 was incomplete)
(\end occurred when \ifx on line 294 was incomplete)
(\end occurred when \ifx on line 294 was incomplete)
(\end occurred when \ifx on line 294 was incomplete)
(\end occurred when \ifx on line 294 was incomplete)
(\end occurred when \ifx on line 294 was incomplete)
(\end occurred when \iftrue on line 49 was incomplete)
(\end occurred when \ifnum on line 49 was incomplete) 
Here is how much of TeX's memory you used:
 11598 strings out of 493748
 155176 string characters out of 3143569
 378320 words of memory out of 3000000
 14557 multiletter control sequences out of 15000+200000
 14301 words of font info for 55 fonts, out of 3000000 for 9000
 714 hyphenation exceptions out of 8191
 42i,17n,51p,2018b,841s stack positions out of 5000i,500n,10000p,200000b,50000s

Output written on MathStuff.dvi (80 pages, 241368 bytes).
