This is pdfTeX, Version 3.1415926-1.40.10 (TeX Live 2009/Arch Linux) (format=pdflatex 2010.3.23)  17 APR 2010 14:11
entering extended mode
 restricted \write18 enabled.
 %&-line parsing enabled.
**\nonstopmode\input ikarus_arch.tex
(./ikarus_arch.tex (/home/josh/texmf/tex/wpblogentry/wpblogentry.cls

LaTeX Warning: You have requested document class `wpblogentry',
               but the document class provides `Latex/Classes/wpblogentry'.

Document Class: Latex/Classes/wpblogentry 2010/01/27 v1 WordPress Blog Entry
(/usr/share/texmf-dist/tex/latex/base/article.cls
Document Class: article 2007/10/19 v1.4h Standard LaTeX document class
(/usr/share/texmf-dist/tex/latex/base/size10.clo
File: size10.clo 2007/10/19 v1.4h Standard LaTeX file (size option)
)
\c@part=\count79
\c@section=\count80
\c@subsection=\count81
\c@subsubsection=\count82
\c@paragraph=\count83
\c@subparagraph=\count84
\c@figure=\count85
\c@table=\count86
\abovecaptionskip=\skip41
\belowcaptionskip=\skip42
\bibindent=\dimen102
))
No file ikarus_arch.aux.
\openout1 = `ikarus_arch.aux'.

LaTeX Font Info:    Checking defaults for OML/cmm/m/it on input line 7.
LaTeX Font Info:    ... okay on input line 7.
LaTeX Font Info:    Checking defaults for T1/cmr/m/n on input line 7.
LaTeX Font Info:    ... okay on input line 7.
LaTeX Font Info:    Checking defaults for OT1/cmr/m/n on input line 7.
LaTeX Font Info:    ... okay on input line 7.
LaTeX Font Info:    Checking defaults for OMS/cmsy/m/n on input line 7.
LaTeX Font Info:    ... okay on input line 7.
LaTeX Font Info:    Checking defaults for OMX/cmex/m/n on input line 7.
LaTeX Font Info:    ... okay on input line 7.
LaTeX Font Info:    Checking defaults for U/cmr/m/n on input line 7.
LaTeX Font Info:    ... okay on input line 7.
LaTeX Font Info:    External font `cmex10' loaded for size
(Font)              <7> on input line 8.
LaTeX Font Info:    External font `cmex10' loaded for size
(Font)              <5> on input line 8.
[1

{/usr/share/texmf-var/fonts/map/pdftex/updmap/pdftex.map}] (./ikarus_arch.aux) 
) 
Here is how much of TeX's memory you used:
 216 strings out of 493847
 2424 string characters out of 3153979
 50936 words of memory out of 3000000
 3574 multiletter control sequences out of 15000+200000
 4154 words of font info for 16 fonts, out of 3000000 for 9000
 714 hyphenation exceptions out of 8191
 29i,4n,21p,921b,107s stack positions out of 5000i,500n,10000p,200000b,50000s
</usr/share/texmf-dist/fonts/type1/public/amsfonts/cm/cmr10.pfb></usr/share/te
xmf-dist/fonts/type1/public/amsfonts/cm/cmr7.pfb></usr/share/texmf-dist/fonts/t
ype1/public/amsfonts/cm/cmti10.pfb></usr/share/texmf-dist/fonts/type1/public/am
sfonts/cm/cmtt10.pfb>
Output written on ikarus_arch.pdf (1 page, 54290 bytes).
PDF statistics:
 22 PDF objects out of 1000 (max. 8388607)
 0 named destinations out of 1000 (max. 500000)
 1 words of extra memory for PDF output out of 10000 (max. 10000000)

