This is pdfTeXk, Version 3.141592-1.40.3 (Web2C 7.5.6) (format=pdflatex 2009.12.20)  11 FEB 2010 17:27
entering extended mode
 %&-line parsing enabled.
**LinguisticTheorySurvey.tex
(./LinguisticTheorySurvey.tex
LaTeX2e <2005/12/01>
Babel <v3.8h> and hyphenation patterns for english, usenglishmax, dumylang, noh
yphenation, loaded.
(/usr/share/texmf-texlive/tex/latex/base/book.cls
Document Class: book 2005/09/16 v1.4f Standard LaTeX document class
(/usr/share/texmf-texlive/tex/latex/base/bk11.clo
File: bk11.clo 2005/09/16 v1.4f Standard LaTeX file (size option)
)
\c@part=\count79
\c@chapter=\count80
\c@section=\count81
\c@subsection=\count82
\c@subsubsection=\count83
\c@paragraph=\count84
\c@subparagraph=\count85
\c@figure=\count86
\c@table=\count87
\abovecaptionskip=\skip41
\belowcaptionskip=\skip42
\bibindent=\dimen102
)
(/usr/share/texmf-texlive/tex/latex/fancyhdr/fancyhdr.sty
\fancy@headwidth=\skip43
\f@ncyO@elh=\skip44
\f@ncyO@erh=\skip45
\f@ncyO@olh=\skip46
\f@ncyO@orh=\skip47
\f@ncyO@elf=\skip48
\f@ncyO@erf=\skip49
\f@ncyO@olf=\skip50
\f@ncyO@orf=\skip51
)
(/usr/share/texmf-texlive/tex/latex/amsmath/amsmath.sty
Package: amsmath 2000/07/18 v2.13 AMS math features
\@mathmargin=\skip52

For additional information on amsmath, use the `?' option.
(/usr/share/texmf-texlive/tex/latex/amsmath/amstext.sty
Package: amstext 2000/06/29 v2.01

(/usr/share/texmf-texlive/tex/latex/amsmath/amsgen.sty
File: amsgen.sty 1999/11/30 v2.0
\@emptytoks=\toks14
\ex@=\dimen103
))
(/usr/share/texmf-texlive/tex/latex/amsmath/amsbsy.sty
Package: amsbsy 1999/11/29 v1.2d
\pmbraise@=\dimen104
)
(/usr/share/texmf-texlive/tex/latex/amsmath/amsopn.sty
Package: amsopn 1999/12/14 v2.01 operator names
)
\inf@bad=\count88
LaTeX Info: Redefining \frac on input line 211.
\uproot@=\count89
\leftroot@=\count90
LaTeX Info: Redefining \overline on input line 307.
\classnum@=\count91
\DOTSCASE@=\count92
LaTeX Info: Redefining \ldots on input line 379.
LaTeX Info: Redefining \dots on input line 382.
LaTeX Info: Redefining \cdots on input line 467.
\Mathstrutbox@=\box26
\strutbox@=\box27
\big@size=\dimen105
LaTeX Font Info:    Redeclaring font encoding OML on input line 567.
LaTeX Font Info:    Redeclaring font encoding OMS on input line 568.
\macc@depth=\count93
\c@MaxMatrixCols=\count94
\dotsspace@=\muskip10
\c@parentequation=\count95
\dspbrk@lvl=\count96
\tag@help=\toks15
\row@=\count97
\column@=\count98
\maxfields@=\count99
\andhelp@=\toks16
\eqnshift@=\dimen106
\alignsep@=\dimen107
\tagshift@=\dimen108
\tagwidth@=\dimen109
\totwidth@=\dimen110
\lineht@=\dimen111
\@envbody=\toks17
\multlinegap=\skip53
\multlinetaggap=\skip54
\mathdisplay@stack=\toks18
LaTeX Info: Redefining \[ on input line 2666.
LaTeX Info: Redefining \] on input line 2667.
)
(/usr/share/texmf-texlive/tex/latex/amsfonts/amsfonts.sty
Package: amsfonts 2001/10/25 v2.2f
\symAMSa=\mathgroup4
\symAMSb=\mathgroup5
LaTeX Font Info:    Overwriting math alphabet `\mathfrak' in version `bold'
(Font)                  U/euf/m/n --> U/euf/b/n on input line 132.
)
(/usr/share/texmf-texlive/tex/latex/amsfonts/amssymb.sty
Package: amssymb 2002/01/22 v2.2d
)
(/usr/share/texmf-texlive/tex/latex/amscls/amsthm.sty
Package: amsthm 2004/08/06 v2.20
\thm@style=\toks19
\thm@bodyfont=\toks20
\thm@headfont=\toks21
\thm@notefont=\toks22
\thm@headpunct=\toks23
\thm@preskip=\skip55
\thm@postskip=\skip56
\thm@headsep=\skip57
\dth@everypar=\toks24
)
(/usr/share/texmf-texlive/tex/latex/natbib/natbib.sty
Package: natbib 2007/02/05 8.0 (PWD)
\bibhang=\skip58
\bibsep=\skip59
LaTeX Info: Redefining \cite on input line 602.
\c@NAT@ctr=\count100
)
(/usr/share/texmf-texlive/tex/latex/graphics/graphicx.sty
Package: graphicx 1999/02/16 v1.0f Enhanced LaTeX Graphics (DPC,SPQR)

(/usr/share/texmf-texlive/tex/latex/graphics/keyval.sty
Package: keyval 1999/03/16 v1.13 key=value parser (DPC)
\KV@toks@=\toks25
)
(/usr/share/texmf-texlive/tex/latex/graphics/graphics.sty
Package: graphics 2006/02/20 v1.0o Standard LaTeX Graphics (DPC,SPQR)

(/usr/share/texmf-texlive/tex/latex/graphics/trig.sty
Package: trig 1999/03/16 v1.09 sin cos tan (DPC)
)
(/etc/texmf/tex/latex/config/graphics.cfg
File: graphics.cfg 2007/01/18 v1.5 graphics configuration of teTeX/TeXLive
)
Package graphics Info: Driver file: pdftex.def on input line 90.

(/usr/share/texmf-texlive/tex/latex/pdftex-def/pdftex.def
File: pdftex.def 2007/01/08 v0.04d Graphics/color for pdfTeX
\Gread@gobject=\count101
))
\Gin@req@height=\dimen112
\Gin@req@width=\dimen113
)
(/usr/share/texmf-texlive/tex/latex/psnfss/times.sty
Package: times 2005/04/12 PSNFSS-v9.2a (SPQR) 
)
(/usr/share/texmf-texlive/tex/latex/qtree/qtree.sty
Package: 2006/07/10 v.3.1Qtree: tree-drawing for linguistics
Package: qtree 2006/07/10 v.3.1Qtree: tree-drawing for linguistics
(/usr/share/texmf-texlive/tex/latex/pict2e/pict2e.sty
Package: pict2e 2006/03/05 v0.2s Improved picture commands (HjG,RN)

(/etc/texmf/tex/latex/pict2e/pict2e.cfg
File: pict2e.cfg 2004/06/25 v0.1r pict2e configuration for teTeX/TeXLive
)
Package pict2e Info: Driver file: pdftex.def on input line 99.
Package pict2e Info: Driver file for pict2e: p2e-pdftex.def on input line 101.

(/usr/share/texmf-texlive/tex/latex/pict2e/p2e-pdftex.def
File: p2e-pdftex.def 2004/06/25 v0.1r Driver-dependant file (RN,HjG)
)
\pIIe@GRAPH=\toks26
)
\c@treecount=\count102
\c@branchcount=\count103
\parentbox=\box28
\treebox=\box29
\treeboxone=\box30
\treeboxtwo=\box31
\treeboxthree=\box32
\treeboxfour=\box33
\treeboxfive=\box34
\treeboxsix=\box35
\treeboxseven=\box36
\treeboxeight=\box37
\treeboxnine=\box38
\treeboxten=\box39
\treeboxeleven=\box40
\treeboxtwelve=\box41
\treeboxthirteen=\box42
\treeboxfourteen=\box43
\treeboxfifteen=\box44
\treeboxsixteen=\box45
\treeboxseventeen=\box46
\treeboxeighteen=\box47
\treeboxnineteen=\box48
\treeboxtwenty=\box49
\treeoffsetone=\skip60
\treeoffsettwo=\skip61
\treeoffsetthree=\skip62
\treeoffsetfour=\skip63
\treeoffsetfive=\skip64
\treeoffsetsix=\skip65
\treeoffsetseven=\skip66
\treeoffseteight=\skip67
\treeoffsetnine=\skip68
\treeoffsetten=\skip69
\treeoffseteleven=\skip70
\treeoffsettwelve=\skip71
\treeoffsetthirteen=\skip72
\treeoffsetfourteen=\skip73
\treeoffsetfifteen=\skip74
\treeoffsetsixteen=\skip75
\treeoffsetseventeen=\skip76
\treeoffseteighteen=\skip77
\treeoffsetnineteen=\skip78
\treeoffsettwenty=\skip79
\treeshiftone=\skip80
\treeshifttwo=\skip81
\treeshiftthree=\skip82
\treeshiftfour=\skip83
\treeshiftfive=\skip84
\treeshiftsix=\skip85
\treeshiftseven=\skip86
\treeshifteight=\skip87
\treeshiftnine=\skip88
\treeshiftten=\skip89
\treeshifteleven=\skip90
\treeshifttwelve=\skip91
\treeshiftthirteen=\skip92
\treeshiftfourteen=\skip93
\treeshiftfifteen=\skip94
\treeshiftsixteen=\skip95
\treeshiftseventeen=\skip96
\treeshifteighteen=\skip97
\treeshiftnineteen=\skip98
\treeshifttwenty=\skip99
\treewidthone=\skip100
\treewidthtwo=\skip101
\treewidththree=\skip102
\treewidthfour=\skip103
\treewidthfive=\skip104
\treewidthsix=\skip105
\treewidthseven=\skip106
\treewidtheight=\skip107
\treewidthnine=\skip108
\treewidthten=\skip109
\treewidtheleven=\skip110
\treewidthtwelve=\skip111
\treewidththirteen=\skip112
\treewidthfourteen=\skip113
\treewidthfifteen=\skip114
\treewidthsixteen=\skip115
\treewidthseventeen=\skip116
\treewidtheighteen=\skip117
\treewidthnineteen=\skip118
\treewidthtwenty=\skip119
\daughteroffsetone=\skip120
\daughteroffsettwo=\skip121
\daughteroffsetthree=\skip122
\daughteroffsetfour=\skip123
\branchwidthone=\skip124
\branchwidthtwo=\skip125
\branchwidththree=\skip126
\branchwidthfour=\skip127
\parentoffset=\skip128
\treeoffset=\skip129
\daughteroffset=\skip130
\branchwidth=\skip131
\parentwidth=\skip132
\treewidth=\skip133
\qta=\toks27
\qtb=\toks28
\nbranches=\count104
\qroofx=\count105
\qroofy=\count106
\@qrscratchbox=\box50
)
(/usr/share/texmf-texlive/tex/latex/base/latexsym.sty
Package: latexsym 1998/08/17 v2.2e Standard LaTeX package (lasy symbols)
\symlasy=\mathgroup6
LaTeX Font Info:    Overwriting symbol font `lasy' in version `bold'
(Font)                  U/lasy/m/n --> U/lasy/b/n on input line 47.
)
(/usr/share/texmf-texlive/tex/latex/linguex/cgloss4e.sty
\lineone=\box51
\linetwo=\box52
\linethree=\box53
\wordone=\box54
\wordtwo=\box55
\wordthree=\box56
\gline=\box57
\glossglue=\skip134
)
(/usr/share/texmf-texlive/tex/latex/base/makeidx.sty
Package: makeidx 2000/03/29 v1.0m Standard LaTeX package
)
(/usr/share/texmf-texlive/tex/latex/wrapfig/wrapfig.sty
\wrapoverhang=\dimen114
\WF@size=\dimen115
\c@WF@wrappedlines=\count107
\WF@box=\box58
\WF@everypar=\toks29
Package: wrapfig 2003/01/31  v 3.6
)
(/usr/share/texmf-texlive/tex/latex/linguex/linguex.sty
(/usr/share/texmf-texlive/tex/latex/tools/xspace.sty
Package: xspace 2006/05/08 v1.12 Space after command names (DPC,MH)
)
\c@ExNo=\count108
\c@SubExNo=\count109
\c@SubSubExNo=\count110
\c@FnExNo=\count111
\c@ABC=\count112
\currentlabel=\skip135
\lessthanten=\skip136
\lessthanhundred=\skip137
\lessthanthousand=\skip138
\@Exleftmargin=\skip139
\Exlabelwidth=\skip140
\Extopsep=\skip141
\Exindent=\skip142
\SubExleftmargin=\skip143
\SubSubExleftmargin=\skip144
\Exlabelsep=\skip145
\alignSubExnegindent=\skip146
\c@ExDepth=\count113
\c@TempExDepth=\count114
\CollectTokens=\toks30
LaTeX Info: Redefining \b on input line 239.
LaTeX Info: Redefining \c on input line 243.
LaTeX Info: Redefining \d on input line 245.
\c@tmpaEx=\count115
)
\c@theorem=\count116
\c@acknowledgement=\count117
\c@algorithm=\count118
\c@axiom=\count119
\c@case=\count120
\c@claim=\count121
\c@conclusion=\count122
\c@condition=\count123
\c@conjecture=\count124
\c@corollary=\count125
\c@criterion=\count126
\c@definition=\count127
\c@example=\count128
\c@exercise=\count129
\c@lemma=\count130
\c@problem=\count131
\c@proposition=\count132
\c@remark=\count133
\c@solution=\count134
\c@summary=\count135
\c@phrase string=\count136
\c@notation=\count137

(/usr/share/texmf/tex/latex/xcolor/xcolor.sty
Package: xcolor 2007/01/21 v2.11 LaTeX color extensions (UK)

(/etc/texmf/tex/latex/config/color.cfg
File: color.cfg 2007/01/18 v1.5 color configuration of teTeX/TeXLive
)
Package xcolor Info: Package option `usenames' ignored on input line 216.
Package xcolor Info: Driver file: pdftex.def on input line 225.
Package xcolor Info: Model `cmy' substituted by `cmy0' on input line 1337.
Package xcolor Info: Model `hsb' substituted by `rgb' on input line 1341.
Package xcolor Info: Model `RGB' extended on input line 1353.
Package xcolor Info: Model `HTML' substituted by `rgb' on input line 1355.
Package xcolor Info: Model `Hsb' substituted by `hsb' on input line 1356.
Package xcolor Info: Model `tHsb' substituted by `hsb' on input line 1357.
Package xcolor Info: Model `HSB' substituted by `hsb' on input line 1358.
Package xcolor Info: Model `Gray' substituted by `gray' on input line 1359.
Package xcolor Info: Model `wave' substituted by `hsb' on input line 1360.
)
(/usr/share/texmf-texlive/tex/latex/hyperref/hyperref.sty
Package: hyperref 2007/02/07 v6.75r Hypertext links for LaTeX
\@linkdim=\dimen116
\Hy@linkcounter=\count138
\Hy@pagecounter=\count139

(/usr/share/texmf-texlive/tex/latex/hyperref/pd1enc.def
File: pd1enc.def 2007/02/07 v6.75r Hyperref: PDFDocEncoding definition (HO)
)
(/etc/texmf/tex/latex/config/hyperref.cfg
File: hyperref.cfg 2002/06/06 v1.2 hyperref configuration of TeXLive
)
(/usr/share/texmf-texlive/tex/latex/oberdiek/kvoptions.sty
Package: kvoptions 2006/08/22 v2.4 Connects package keyval with LaTeX options (
HO)
)
Package hyperref Info: Option `colorlinks' set `true' on input line 2238.
Package hyperref Info: Option `breaklinks' set `true' on input line 2238.
Package hyperref Info: Option `plainpages' set `false' on input line 2238.
Package hyperref Info: Option `bookmarks' set `false' on input line 2238.
Package hyperref Info: Hyper figures OFF on input line 2288.
Package hyperref Info: Link nesting OFF on input line 2293.
Package hyperref Info: Hyper index ON on input line 2296.
Package hyperref Info: Plain pages OFF on input line 2303.
Package hyperref Info: Backreferencing OFF on input line 2308.

Implicit mode ON; LaTeX internals redefined
Package hyperref Info: Bookmarks OFF on input line 2450.
(/usr/share/texmf-texlive/tex/latex/ltxmisc/url.sty
\Urlmuskip=\muskip11
Package: url 2005/06/27  ver 3.2  Verb mode for urls, etc.
)
LaTeX Info: Redefining \url on input line 2599.
\Fld@menulength=\count140
\Field@Width=\dimen117
\Fld@charsize=\dimen118
\Choice@toks=\toks31
\Field@toks=\toks32
Package hyperref Info: Hyper figures OFF on input line 3102.
Package hyperref Info: Link nesting OFF on input line 3107.
Package hyperref Info: Hyper index ON on input line 3110.
Package hyperref Info: backreferencing OFF on input line 3117.
Package hyperref Info: Link coloring ON on input line 3120.
\Hy@abspage=\count141
\c@Item=\count142
\c@Hfootnote=\count143
)
*hyperref using default driver hpdftex*
(/usr/share/texmf-texlive/tex/latex/hyperref/hpdftex.def
File: hpdftex.def 2007/02/07 v6.75r Hyperref driver for pdfTeX
\Fld@listcount=\count144
)
\@indexfile=\write3
\openout3 = `LinguisticTheorySurvey.idx'.


Writing index file LinguisticTheorySurvey.idx
(./LinguisticTheorySurvey.aux (./FunctionalistProgram.aux)
(./WhyCommunicate.aux) (./MinimalistProgram.aux) (./OtherApproaches.aux)
(./InfinityBiology.aux) (./ModernSemantics.aux) (./FormalConjecture.aux))
\openout1 = `LinguisticTheorySurvey.aux'.

LaTeX Font Info:    Checking defaults for OML/cmm/m/it on input line 93.
LaTeX Font Info:    ... okay on input line 93.
LaTeX Font Info:    Checking defaults for T1/cmr/m/n on input line 93.
LaTeX Font Info:    ... okay on input line 93.
LaTeX Font Info:    Checking defaults for OT1/cmr/m/n on input line 93.
LaTeX Font Info:    ... okay on input line 93.
LaTeX Font Info:    Checking defaults for OMS/cmsy/m/n on input line 93.
LaTeX Font Info:    ... okay on input line 93.
LaTeX Font Info:    Checking defaults for OMX/cmex/m/n on input line 93.
LaTeX Font Info:    ... okay on input line 93.
LaTeX Font Info:    Checking defaults for U/cmr/m/n on input line 93.
LaTeX Font Info:    ... okay on input line 93.
LaTeX Font Info:    Checking defaults for PD1/pdf/m/n on input line 93.
LaTeX Font Info:    ... okay on input line 93.
LaTeX Font Info:    Try loading font information for OT1+ptm on input line 93.

(/usr/share/texmf-texlive/tex/latex/psnfss/ot1ptm.fd
File: ot1ptm.fd 2001/06/04 font definitions for OT1/ptm.
)
(/usr/share/texmf/tex/context/base/supp-pdf.tex
[Loading MPS to PDF converter (version 2006.09.02).]
\scratchcounter=\count145
\scratchdimen=\dimen119
\scratchbox=\box59
\nofMPsegments=\count146
\nofMParguments=\count147
\everyMPshowfont=\toks33
\MPscratchCnt=\count148
\MPscratchDim=\dimen120
\MPnumerator=\count149
\everyMPtoPDFconversion=\toks34
)
Package hyperref Info: Link coloring ON on input line 93.
 (/usr/share/texmf-texlive/tex/latex/hyperref/nameref.sty
Package: nameref 2006/12/27 v2.28 Cross-referencing by name of section

(/usr/share/texmf-texlive/tex/latex/oberdiek/refcount.sty
Package: refcount 2006/02/20 v3.0 Data extraction from references (HO)
)
\c@section@level=\count150
)
LaTeX Info: Redefining \ref on input line 93.
LaTeX Info: Redefining \pageref on input line 93.
LaTeX Font Info:    Try loading font information for U+msa on input line 100.

(/usr/share/texmf-texlive/tex/latex/amsfonts/umsa.fd
File: umsa.fd 2002/01/19 v2.2g AMS font definitions
)
LaTeX Font Info:    Try loading font information for U+msb on input line 100.

(/usr/share/texmf-texlive/tex/latex/amsfonts/umsb.fd
File: umsb.fd 2002/01/19 v2.2g AMS font definitions
)
LaTeX Font Info:    Try loading font information for U+lasy on input line 100.

(/usr/share/texmf-texlive/tex/latex/base/ulasy.fd
File: ulasy.fd 1998/08/17 v2.2e LaTeX symbol font definitions
)
<plantsymm.JPG, id=7, 2055.68pt x 1541.76pt>
File: plantsymm.JPG Graphic file (type jpg)
 <use plantsymm.JPG> [1



{/var/lib/texmf/fonts/map/pdftex/updmap/pdftex.map} <./plantsymm.JPG>]
<magenta.JPG, id=14, 642.4pt x 481.8pt>
File: magenta.JPG Graphic file (type jpg)
 <use magenta.JPG>
Overfull \hbox (108.0011pt too wide) in paragraph at lines 108--109
 [] 
 []

LaTeX Font Info:    Try loading font information for OT1+pcr on input line 117.

(/usr/share/texmf-texlive/tex/latex/psnfss/ot1pcr.fd
File: ot1pcr.fd 2001/06/04 font definitions for OT1/pcr.
) [2 <./magenta.JPG>]
LaTeX Font Info:    Font shape `OT1/ptm/bx/n' in size <24.88> not available
(Font)              Font shape `OT1/ptm/b/n' tried instead on input line 117.

(./LinguisticTheorySurvey.toc
LaTeX Font Info:    Font shape `OT1/ptm/bx/n' in size <10.95> not available
(Font)              Font shape `OT1/ptm/b/n' tried instead on input line 1.
LaTeX Font Info:    Font shape `OT1/ptm/bx/n' in size <12> not available
(Font)              Font shape `OT1/ptm/b/n' tried instead on input line 7.
 [3

] [4])
\tf@toc=\write4
\openout4 = `LinguisticTheorySurvey.toc'.

 [5] [6

] [7] [8]
Underfull \hbox (badness 10000) in paragraph at lines 135--136

 []

[9] [10

]
Chapter 1.
LaTeX Font Info:    Font shape `OT1/ptm/bx/n' in size <20.74> not available
(Font)              Font shape `OT1/ptm/b/n' tried instead on input line 148.
<greenflower.JPG, id=202, 642.4pt x 481.8pt>
File: greenflower.JPG Graphic file (type jpg)
 <use greenflower.JPG>
Overfull \hbox (3.72328pt too wide) in paragraph at lines 156--157
[]\OT1/ptm/m/n/10.95 Before ask-ing the ques-
 []


Underfull \hbox (badness 3547) in paragraph at lines 156--157
\OT1/ptm/m/n/10.95 tion ``What is Lan-
 []


Underfull \hbox (badness 3965) in paragraph at lines 156--157
\OT1/ptm/m/n/10.95 guage'' we need to
 []


Overfull \hbox (2.24506pt too wide) in paragraph at lines 156--157
\OT1/ptm/m/n/10.95 tween `lan-guage' (with
 []


Underfull \hbox (badness 1308) in paragraph at lines 156--157
\OT1/ptm/m/n/10.95 a low-er-case `l') and
 []


Underfull \hbox (badness 7869) in paragraph at lines 156--157
\OT1/ptm/m/n/10.95 `Lan-guage'[] (with a
 []


Underfull \hbox (badness 4036) in paragraph at lines 156--157
\OT1/ptm/m/n/10.95 cap-i-tal `L'). Let us
 []


Underfull \hbox (badness 1082) in paragraph at lines 156--157
\OT1/ptm/m/n/10.95 guage' refers to any
 []


Underfull \vbox (badness 10000) has occurred while \output is active []

 [1

 <./greenflower.JPG>] [2]
LaTeX Font Info:    Font shape `OT1/ptm/bx/n' in size <14.4> not available
(Font)              Font shape `OT1/ptm/b/n' tried instead on input line 164.
LaTeX Font Info:    Font shape `OT1/ptm/bx/sl' in size <14.4> not available
(Font)              Font shape `OT1/ptm/b/sl' tried instead on input line 164.
 [3pdfTeX warning (ext4): destination with the same identifier (name{ExDepth.1}
) has been already used, duplicate ignored
<to be read again> 
                   \endgroup \set@typeset@protect 
l.197 
      pdfTeX warning (ext4): destination with the same identifier (name{ExDepth
.2}) has been already used, duplicate ignored
<to be read again> 
                   \endgroup \set@typeset@protect 
l.197 
      ] <desk.JPG, id=238, 1084.05pt x 722.7pt>
File: desk.JPG Graphic file (type jpg)
 <use desk.JPG>
Underfull \hbox (badness 6526) in paragraph at lines 208--209
[]\OT1/ptm/m/n/10.95 The an-swer to the
 []


Underfull \hbox (badness 2165) in paragraph at lines 208--209
\OT1/ptm/m/n/10.95 ques-tion in the ti-tle
 []


Underfull \hbox (badness 4872) in paragraph at lines 208--209
\OT1/ptm/m/n/10.95 of lin-guist[] you are
 []


Underfull \hbox (badness 5667) in paragraph at lines 208--209
\OT1/ptm/m/n/10.95 talk-ing about. In
 []


Underfull \hbox (badness 1052) in paragraph at lines 208--209
\OT1/ptm/m/n/10.95 many dif-fer-ent kinds
 []


Underfull \hbox (badness 1168) in paragraph at lines 208--209
\OT1/ptm/m/n/10.95 u-ral lan-guage. You
 []

[4 <./desk.JPG>] [5]pdfTeX warning (ext4): destination with the same identifier
 (name{ExDepth.1}) has been already used, duplicate ignored
<to be read again> 
                   \relax 
l.218 
      
Underfull \vbox (badness 2922) has occurred while \output is active []

 [6]
[7] [8] [9] [10

] [11] [12]
Chapter 2.
[13

] [14

]
Chapter 3.
[15] [16

] [17] [18]
Chapter 4.
[19

]
\openout2 = `FunctionalistProgram.aux'.

 (./FunctionalistProgram.tex) [20

]
Chapter 5.
[21


]
\openout2 = `WhyCommunicate.aux'.

 (./WhyCommunicate.tex) [22

] [23


] [24]
Chapter 6.
[25

]
\openout2 = `MinimalistProgram.aux'.

 (./MinimalistProgram.tex) [26

]
Chapter 7.
[27


] [28

]
Chapter 8.
[29]
\openout2 = `OtherApproaches.aux'.

 (./OtherApproaches.tex) [30

]
Chapter 9.
[31


]
\openout2 = `InfinityBiology.aux'.

 (./InfinityBiology.tex [32

] [33]) [34]
Chapter 10.
<functions.JPG, id=384, 1084.05pt x 722.7pt>
File: functions.JPG Graphic file (type jpg)
 <use functions.JPG> [35


 <./functions.JPG>]
\openout2 = `ModernSemantics.aux'.

 (./ModernSemantics.tex)
Underfull \vbox (badness 10000) has occurred while \output is active []

 [36

]
Overfull \vbox (53.06903pt too high) has occurred while \output is active []


[37] [38


] [39] [40]
Chapter 11.
<redflower.JPG, id=427, 642.4pt x 481.8pt>
File: redflower.JPG Graphic file (type jpg)
 <use redflower.JPG>
<nasa1.jpg, id=428, 1230.5975pt x 1402.23875pt>
File: nasa1.jpg Graphic file (type jpg)
 <use nasa1.jpg>
Overfull \hbox (0.65736pt too wide) in paragraph at lines 308--309
[]\OT1/ptm/m/n/10.95 There are gen-eral prin-
 []


Overfull \hbox (3.21945pt too wide) in paragraph at lines 308--309
\OT1/ptm/m/n/10.95 ci-ples of or-ga-ni-za-tional
 []


Underfull \hbox (badness 3769) in paragraph at lines 308--309
\OT1/ptm/m/n/10.95 ice crys-tals form-ing
 []


Underfull \hbox (badness 2698) in paragraph at lines 308--309
\OT1/ptm/m/n/10.95 into snowflakes, the
 []


Underfull \hbox (badness 7151) in paragraph at lines 308--309
\OT1/ptm/m/n/10.95 shape of petal de-
 []


Underfull \vbox (badness 2698) has occurred while \output is active []

 [41

 <./redflower.JPG> <./nasa1.jpg>] [42]pdfTeX warning (ext4): destination with t
he same identifier (name{ExDepth.1}) has been already used, duplicate ignored
<to be read again> 
                   \relax 
l.315 
      pdfTeX warning (ext4): destination with the same identifier (name{ExNo.1}
) has been already used, duplicate ignored
<to be read again> 
                   \relax 
l.315 
      pdfTeX warning (ext4): destination with the same identifier (name{ExDepth
.1}) has been already used, duplicate ignored
<to be read again> 
                   \relax 
l.317 
      pdfTeX warning (ext4): destination with the same identifier (name{ExNo.2}
) has been already used, duplicate ignored
<to be read again> 
                   \relax 
l.317 
      pdfTeX warning (ext4): destination with the same identifier (name{ExDepth
.1}) has been already used, duplicate ignored
<to be read again> 
                   \relax 
l.319 
      pdfTeX warning (ext4): destination with the same identifier (name{ExNo.3}
) has been already used, duplicate ignored
<to be read again> 
                   \relax 
l.319 
      pdfTeX warning (ext4): destination with the same identifier (name{ExDepth
.1}) has been already used, duplicate ignored
<to be read again> 
                   \relax 
l.321 
       [43] [44

]
Chapter 12.
[45]
\openout2 = `FormalConjecture.aux'.

 (./FormalConjecture.texpdfTeX warning (ext4): destination with the same identi
fier (name{ExDepth.1}) has been already used, duplicate ignored
<to be read again> 
                   \relax 
l.15 
     pdfTeX warning (ext4): destination with the same identifier (name{ExNo.1})
 has been already used, duplicate ignored
<to be read again> 
                   \relax 
l.15 
      [46

]pdfTeX warning (ext4): destination with the same identifier (name{ExDepth.1}) 
has been already used, duplicate ignored
<to be read again> 
                   \relax 
l.20 
     pdfTeX warning (ext4): destination with the same identifier (name{ExNo.2})
 has been already used, duplicate ignored
<to be read again> 
                   \relax 
l.20 
     pdfTeX warning (ext4): destination with the same identifier (name{ExDepth.
2}) has been already used, duplicate ignored
<to be read again> 
                   \relax 
l.20 
     
Underfull \vbox (badness 1102) has occurred while \output is active []

 [47]
[48] [49]pdfTeX warning (ext4): destination with the same identifier (name{ExDe
pth.1}) has been already used, duplicate ignored
<to be read again> 
                   \relax 
l.54 
     pdfTeX warning (ext4): destination with the same identifier (name{ExNo.3})
 has been already used, duplicate ignored
<to be read again> 
                   \relax 
l.54 
     pdfTeX warning (ext4): destination with the same identifier (name{ExDepth.
1}) has been already used, duplicate ignored
<to be read again> 
                   \relax 
l.56 
     pdfTeX warning (ext4): destination with the same identifier (name{ExNo.4})
 has been already used, duplicate ignored
<to be read again> 
                   \relax 
l.56 
     pdfTeX warning (ext4): destination with the same identifier (name{ExDepth.
1}) has been already used, duplicate ignored
<to be read again> 
                   \relax 
l.60 
     pdfTeX warning (ext4): destination with the same identifier (name{ExDepth.
1}) has been already used, duplicate ignored
<to be read again> 
                   \relax 
l.62 
      [50] [51]
Overfull \hbox (4.9219pt too wide) in paragraph at lines 67--68
[]\OT1/ptm/m/n/10.95 I-language, as a growth form unique to the hu-man or-gan-i
sm, is a nat-u-ral object---
 []

LaTeX Font Info:    Try loading font information for OMS+ptm on input line 70.
(/usr/share/texmf-texlive/tex/latex/psnfss/omsptm.fd
File: omsptm.fd 
)
LaTeX Font Info:    Font shape `OMS/ptm/m/n' in size <10.95> not available
(Font)              Font shape `OMS/cmsy/m/n' tried instead on input line 70.
 [52] [53] [54]
LaTeX Font Info:    Font shape `OMS/ptm/m/n' in size <9> not available
(Font)              Font shape `OMS/cmsy/m/n' tried instead on input line 82.


LaTeX Warning: `!h' float specifier changed to `!ht'.


LaTeX Warning: Reference `humath' on page 55 undefined on input line 94.

[55]pdfTeX warning (ext4): destination with the same identifier (name{ExDepth.1
}) has been already used, duplicate ignored
<to be read again> 
                   \relax 
l.100 
      
Underfull \vbox (badness 10000) has occurred while \output is active []

 [56]pdfTeX warning (ext4): destination with the same identifier (name{ExDepth.
1}) has been already used, duplicate ignored
<to be read again> 
                   \relax 
l.104 
      pdfTeX warning (ext4): destination with the same identifier (name{ExDepth
.2}) has been already used, duplicate ignored
<to be read again> 
                   \relax 
l.104 
      pdfTeX warning (ext4): destination with the same identifier (name{ExDepth
.1}) has been already used, duplicate ignored
<to be read again> 
                   \relax 
l.110 
      pdfTeX warning (ext4): destination with the same identifier (name{ExDepth
.2}) has been already used, duplicate ignored
<to be read again> 
                   \relax 
l.110 
      
Underfull \hbox (badness 10000) in paragraph at lines 111--118

 []


LaTeX Warning: `!h' float specifier changed to `!ht'.

[57] [58]
LaTeX Font Info:    Font shape `OT1/ptm/bx/it' in size <12> not available
(Font)              Font shape `OT1/ptm/b/it' tried instead on input line 154.
 [59]
Missing character: There is no ’ in font ptmr7t!
Missing character: There is no ‘ in font ptmr7t!
Missing character: There is no ’ in font ptmr7t!
Missing character: There is no ’ in font ptmr7t!


LaTeX Warning: Reference `gsop' on page 60 undefined on input line 163.


LaTeX Warning: Reference `psop' on page 60 undefined on input line 163.

[60]

LaTeX Warning: Reference `psop' on page 61 undefined on input line 174.


LaTeX Warning: Reference `psop' on page 61 undefined on input line 176.


LaTeX Warning: Reference `psop' on page 61 undefined on input line 178.


LaTeX Warning: Float too large for page by 21.50757pt on input line 198.

[61] [62] [63]pdfTeX warning (ext4): destination with the same identifier (name
{ExDepth.1}) has been already used, duplicate ignored
<to be read again> 
                   \relax 
l.204 
      pdfTeX warning (ext4): destination with the same identifier (name{ExDepth
.1}) has been already used, duplicate ignored
<to be read again> 
                   \relax 
l.206 
      

LaTeX Warning: Reference `psop' on page 64 undefined on input line 207.

[64] [65] [66] [67] [68]
LaTeX Font Info:    Font shape `OT1/ptm/bx/it' in size <10.95> not available
(Font)              Font shape `OT1/ptm/b/it' tried instead on input line 271.
 [69]
Overfull \hbox (2.76932pt too wide) in paragraph at lines 291--292
\OT1/ptm/m/n/10.95 fectly sim-u-lated by a uni-ver-sal model com-put-ing ma-chi
ne op-er-at-ing by fi-nite means. 
 []

[70] [71] [72]

LaTeX Warning: Reference `con' on page 73 undefined on input line 308.

[73] [74]
\c@gmerge=\count151
 [75]
LaTeX Font Info:    Font shape `OT1/ptm/bx/sl' in size <10.95> not available
(Font)              Font shape `OT1/ptm/b/sl' tried instead on input line 360.
 [76]

LaTeX Warning: Reference `con' on page 77 undefined on input line 378.

[77] [78]) [79] [80


] [81] [82]
Chapter 13.
(./LinguisticTheorySurvey.bbl [83

] [84

] [85] [86]
Underfull \hbox (badness 3396) in paragraph at lines 184--187
[]\OT1/ptm/m/n/10.95 Formigari, Lia. 2004.  \OT1/ptm/m/it/10.95 A his-tory of l
an-gauge philoso-phies\OT1/ptm/m/n/10.95 .  Am-s-ter-
 []

Missing character: There is no è in font ptmr7t!
[87] [88]) (./LinguisticTheorySurvey.ind [89] [90


])
(./LinguisticTheorySurvey.aux (./FunctionalistProgram.aux)
(./WhyCommunicate.aux) (./MinimalistProgram.aux) (./OtherApproaches.aux)
(./InfinityBiology.aux) (./ModernSemantics.aux) (./FormalConjecture.aux))

LaTeX Warning: There were undefined references.

 ) 
Here is how much of TeX's memory you used:
 6060 strings out of 95086
 77351 string characters out of 1183254
 187540 words of memory out of 1500000
 8664 multiletter control sequences out of 10000+50000
 49536 words of font info for 112 fonts, out of 1200000 for 2000
 28 hyphenation exceptions out of 8191
 29i,21n,43p,4758b,515s stack positions out of 5000i,500n,6000p,200000b,5000s
{/usr/share/texmf-texlive/fonts/enc/dvips/base/8r.enc}</usr/share/texmf-texli
ve/fonts/type1/bluesky/cm/cmmi10.pfb></usr/share/texmf-texlive/fonts/type1/blue
sky/cm/cmmi12.pfb></usr/share/texmf-texlive/fonts/type1/bluesky/cm/cmmi6.pfb></
usr/share/texmf-texlive/fonts/type1/bluesky/cm/cmmi8.pfb></usr/share/texmf-texl
ive/fonts/type1/bluesky/cm/cmmi9.pfb></usr/share/texmf-texlive/fonts/type1/blue
sky/cm/cmr10.pfb></usr/share/texmf-texlive/fonts/type1/bluesky/cm/cmr6.pfb></us
r/share/texmf-texlive/fonts/type1/bluesky/cm/cmr8.pfb></usr/share/texmf-texlive
/fonts/type1/bluesky/cm/cmr9.pfb></usr/share/texmf-texlive/fonts/type1/bluesky/
cm/cmsy10.pfb></usr/share/texmf-texlive/fonts/type1/bluesky/cm/cmsy8.pfb></usr/
share/texmf-texlive/fonts/type1/bluesky/cm/cmsy9.pfb></usr/share/texmf-texlive/
fonts/type1/bluesky/ams/msbm10.pfb></usr/share/texmf-texlive/fonts/type1/urw/co
urier/ucrr8a.pfb></usr/share/texmf-texlive/fonts/type1/urw/times/utmb8a.pfb></u
sr/share/texmf-texlive/fonts/type1/urw/times/utmb8a.pfb></usr/share/texmf-texli
ve/fonts/type1/urw/times/utmbi8a.pfb></usr/share/texmf-texlive/fonts/type1/urw/
times/utmr8a.pfb></usr/share/texmf-texlive/fonts/type1/urw/times/utmr8a.pfb></u
sr/share/texmf-texlive/fonts/type1/urw/times/utmri8a.pfb>
Output written on LinguisticTheorySurvey.pdf (100 pages, 2833335 bytes).
PDF statistics:
 1325 PDF objects out of 1440 (max. 8388607)
 364 named destinations out of 1000 (max. 131072)
 52 words of extra memory for PDF output out of 10000 (max. 10000000)

