\BOOKMARK [0][-]{chapter.1}{Introduction}{}
\BOOKMARK [1][-]{section.1.1}{What is Language?}{chapter.1}
\BOOKMARK [1][-]{section.1.2}{What is a `linguist' and where do I find one?}{chapter.1}
\BOOKMARK [2][-]{subsection.1.2.1}{Brief Detour: Material and Immaterial}{section.1.2}
\BOOKMARK [2][-]{subsection.1.2.2}{Back to the Question}{section.1.2}
\BOOKMARK [2][-]{subsection.1.2.3}{A Brief Note on Evolutionary Adaptation and Exaptation}{section.1.2}
\BOOKMARK [-1][-]{part.1}{I Exploration}{}
\BOOKMARK [0][-]{chapter.2}{World in a Leaf}{part.1}
\BOOKMARK [0][-]{chapter.3}{Nature is a Computer}{part.1}
\BOOKMARK [-1][-]{part.2}{II Functionalism and its Adherents}{}
\BOOKMARK [0][-]{chapter.4}{The Functionalist Program}{part.2}
\BOOKMARK [0][-]{chapter.5}{Why Communicate?}{part.2}
\BOOKMARK [-1][-]{part.3}{III Formal Considerations}{}
\BOOKMARK [0][-]{chapter.6}{The Minimalist Program}{part.3}
\BOOKMARK [0][-]{chapter.7}{Optimality Theory}{part.3}
\BOOKMARK [0][-]{chapter.8}{Other Approaches}{part.3}
\BOOKMARK [0][-]{chapter.9}{Infinity to Biology}{part.3}
\BOOKMARK [0][-]{chapter.10}{Modern Semantics}{part.3}
\BOOKMARK [-1][-]{part.4}{IV Cross-disciplinary Inspiration}{}
\BOOKMARK [0][-]{chapter.11}{Galaxies, Flowers, and Snowflakes}{part.4}
\BOOKMARK [0][-]{chapter.12}{Formal Conjecture}{part.4}
\BOOKMARK [-1][-]{part.5}{V Conclusion}{}
\BOOKMARK [0][-]{chapter.13}{Conclusion}{part.5}
