This is pdfTeX, Version 3.141592-1.40.4 (MiKTeX 2.7) (preloaded format=pdflatex 2009.3.26)  15 MAY 2009 09:52
entering extended mode
**C:/Users/jb/Desktop/LaTeX*Documents/Dissertation/Santa*Cruz.tex
("C:/Users/jb/Desktop/LaTeX Documents/Dissertation/Santa Cruz.tex"
LaTeX2e <2005/12/01>
Babel <v3.8h> and hyphenation patterns for english, dumylang, nohyphenation, ge
rman, ngerman, french, loaded.
("C:\Program Files (x86)\MiKTeX 2.7\tex\latex\base\article.cls"
Document Class: article 2005/09/16 v1.4f Standard LaTeX document class
("C:\Program Files (x86)\MiKTeX 2.7\tex\latex\base\size11.clo"
File: size11.clo 2005/09/16 v1.4f Standard LaTeX file (size option)
)
\c@part=\count79
\c@section=\count80
\c@subsection=\count81
\c@subsubsection=\count82
\c@paragraph=\count83
\c@subparagraph=\count84
\c@figure=\count85
\c@table=\count86
\abovecaptionskip=\skip41
\belowcaptionskip=\skip42
\bibindent=\dimen102
)
("C:\Program Files (x86)\MiKTeX 2.7\tex\latex\natbib\natbib.sty"
Package: natbib 2007/10/30 8.1 (PWD)
\bibhang=\skip43
\bibsep=\skip44
LaTeX Info: Redefining \cite on input line 602.
\c@NAT@ctr=\count87
)
("C:\Program Files (x86)\MiKTeX 2.7\tex\latex\graphics\graphicx.sty"
Package: graphicx 1999/02/16 v1.0f Enhanced LaTeX Graphics (DPC,SPQR)

("C:\Program Files (x86)\MiKTeX 2.7\tex\latex\graphics\keyval.sty"
Package: keyval 1999/03/16 v1.13 key=value parser (DPC)
\KV@toks@=\toks14
)
("C:\Program Files (x86)\MiKTeX 2.7\tex\latex\graphics\graphics.sty"
Package: graphics 2006/02/20 v1.0o Standard LaTeX Graphics (DPC,SPQR)

("C:\Program Files (x86)\MiKTeX 2.7\tex\latex\graphics\trig.sty"
Package: trig 1999/03/16 v1.09 sin cos tan (DPC)
)
("C:\Program Files (x86)\MiKTeX 2.7\tex\latex\00miktex\graphics.cfg"
File: graphics.cfg 2007/01/18 v1.5 graphics configuration of teTeX/TeXLive
)
Package graphics Info: Driver file: pdftex.def on input line 90.

("C:\Program Files (x86)\MiKTeX 2.7\tex\latex\graphics\pdftex.def"
File: pdftex.def 2007/06/12 v0.04h Graphics/color for pdfTeX
\Gread@gobject=\count88
))
\Gin@req@height=\dimen103
\Gin@req@width=\dimen104
)
("C:\Program Files (x86)\MiKTeX 2.7\tex\latex\psnfss\times.sty"
Package: times 2005/04/12 PSNFSS-v9.2a (SPQR) 
)
("C:\Program Files (x86)\MiKTeX 2.7\tex\latex\linguex\linguex.sty"
("C:\Program Files (x86)\MiKTeX 2.7\tex\latex\tools\xspace.sty"
Package: xspace 2006/05/08 v1.12 Space after command names (DPC,MH)
)
("C:\Program Files (x86)\MiKTeX 2.7\tex\latex\gb4e\cgloss4e.sty"
\lineone=\box26
\linetwo=\box27
\linethree=\box28
\wordone=\box29
\wordtwo=\box30
\wordthree=\box31
\gline=\box32
\glossglue=\skip45
)
\c@ExNo=\count89
\c@SubExNo=\count90
\c@SubSubExNo=\count91
\c@FnExNo=\count92
\c@ABC=\count93
\currentlabel=\skip46
\lessthanten=\skip47
\lessthanhundred=\skip48
\lessthanthousand=\skip49
\@Exleftmargin=\skip50
\Exlabelwidth=\skip51
\Extopsep=\skip52
\Exindent=\skip53
\SubExleftmargin=\skip54
\SubSubExleftmargin=\skip55
\Exlabelsep=\skip56
\alignSubExnegindent=\skip57
\c@ExDepth=\count94
\c@TempExDepth=\count95
\CollectTokens=\toks15
LaTeX Info: Redefining \b on input line 239.
LaTeX Info: Redefining \c on input line 243.
LaTeX Info: Redefining \d on input line 245.
\c@tmpaEx=\count96
)
("C:\Program Files (x86)\MiKTeX 2.7\tex\latex\base\latexsym.sty"
Package: latexsym 1998/08/17 v2.2e Standard LaTeX package (lasy symbols)
\symlasy=\mathgroup4
LaTeX Font Info:    Overwriting symbol font `lasy' in version `bold'
(Font)                  U/lasy/m/n --> U/lasy/b/n on input line 47.
)
("C:\Program Files (x86)\MiKTeX 2.7\tex\latex\qtree\qtree.sty"
Package: 2006/07/10 v.3.1Qtree: tree-drawing for linguistics
Package: qtree 2006/07/10 v.3.1Qtree: tree-drawing for linguistics
("C:\Program Files (x86)\MiKTeX 2.7\tex\latex\pict2e\pict2e.sty"
Package: pict2e 2006/03/05 v0.2s Improved picture commands (HjG,RN)

("C:\Program Files (x86)\MiKTeX 2.7\tex\latex\00miktex\pict2e.cfg"
File: pict2e.cfg 2005/12/29 v1.0 MiKTeX 'pict2e' configuration
)
Package pict2e Info: Driver file: pdftex.def on input line 99.
Package pict2e Info: Driver file for pict2e: p2e-pdftex.def on input line 101.

("C:\Program Files (x86)\MiKTeX 2.7\tex\latex\pict2e\p2e-pdftex.def"
File: p2e-pdftex.def 2004/06/25 v0.1r Driver-dependant file (RN,HjG)
)
\pIIe@GRAPH=\toks16
)
\c@treecount=\count97
\c@branchcount=\count98
\parentbox=\box33
\treebox=\box34
\treeboxone=\box35
\treeboxtwo=\box36
\treeboxthree=\box37
\treeboxfour=\box38
\treeboxfive=\box39
\treeboxsix=\box40
\treeboxseven=\box41
\treeboxeight=\box42
\treeboxnine=\box43
\treeboxten=\box44
\treeboxeleven=\box45
\treeboxtwelve=\box46
\treeboxthirteen=\box47
\treeboxfourteen=\box48
\treeboxfifteen=\box49
\treeboxsixteen=\box50
\treeboxseventeen=\box51
\treeboxeighteen=\box52
\treeboxnineteen=\box53
\treeboxtwenty=\box54
\treeoffsetone=\skip58
\treeoffsettwo=\skip59
\treeoffsetthree=\skip60
\treeoffsetfour=\skip61
\treeoffsetfive=\skip62
\treeoffsetsix=\skip63
\treeoffsetseven=\skip64
\treeoffseteight=\skip65
\treeoffsetnine=\skip66
\treeoffsetten=\skip67
\treeoffseteleven=\skip68
\treeoffsettwelve=\skip69
\treeoffsetthirteen=\skip70
\treeoffsetfourteen=\skip71
\treeoffsetfifteen=\skip72
\treeoffsetsixteen=\skip73
\treeoffsetseventeen=\skip74
\treeoffseteighteen=\skip75
\treeoffsetnineteen=\skip76
\treeoffsettwenty=\skip77
\treeshiftone=\skip78
\treeshifttwo=\skip79
\treeshiftthree=\skip80
\treeshiftfour=\skip81
\treeshiftfive=\skip82
\treeshiftsix=\skip83
\treeshiftseven=\skip84
\treeshifteight=\skip85
\treeshiftnine=\skip86
\treeshiftten=\skip87
\treeshifteleven=\skip88
\treeshifttwelve=\skip89
\treeshiftthirteen=\skip90
\treeshiftfourteen=\skip91
\treeshiftfifteen=\skip92
\treeshiftsixteen=\skip93
\treeshiftseventeen=\skip94
\treeshifteighteen=\skip95
\treeshiftnineteen=\skip96
\treeshifttwenty=\skip97
\treewidthone=\skip98
\treewidthtwo=\skip99
\treewidththree=\skip100
\treewidthfour=\skip101
\treewidthfive=\skip102
\treewidthsix=\skip103
\treewidthseven=\skip104
\treewidtheight=\skip105
\treewidthnine=\skip106
\treewidthten=\skip107
\treewidtheleven=\skip108
\treewidthtwelve=\skip109
\treewidththirteen=\skip110
\treewidthfourteen=\skip111
\treewidthfifteen=\skip112
\treewidthsixteen=\skip113
\treewidthseventeen=\skip114
\treewidtheighteen=\skip115
\treewidthnineteen=\skip116
\treewidthtwenty=\skip117
\daughteroffsetone=\skip118
\daughteroffsettwo=\skip119
\daughteroffsetthree=\skip120
\daughteroffsetfour=\skip121
\branchwidthone=\skip122
\branchwidthtwo=\skip123
\branchwidththree=\skip124
\branchwidthfour=\skip125
\parentoffset=\skip126
\treeoffset=\skip127
\daughteroffset=\skip128
\branchwidth=\skip129
\parentwidth=\skip130
\treewidth=\skip131
\qta=\toks17
\qtb=\toks18
\nbranches=\count99
\qroofx=\count100
\qroofy=\count101
\@qrscratchbox=\box55
)
("C:\Program Files (x86)\MiKTeX 2.7\tex\latex\amsmath\amsmath.sty"
Package: amsmath 2000/07/18 v2.13 AMS math features
\@mathmargin=\skip132

For additional information on amsmath, use the `?' option.
("C:\Program Files (x86)\MiKTeX 2.7\tex\latex\amsmath\amstext.sty"
Package: amstext 2000/06/29 v2.01

("C:\Program Files (x86)\MiKTeX 2.7\tex\latex\amsmath\amsgen.sty"
File: amsgen.sty 1999/11/30 v2.0
\@emptytoks=\toks19
\ex@=\dimen105
))
("C:\Program Files (x86)\MiKTeX 2.7\tex\latex\amsmath\amsbsy.sty"
Package: amsbsy 1999/11/29 v1.2d
\pmbraise@=\dimen106
)
("C:\Program Files (x86)\MiKTeX 2.7\tex\latex\amsmath\amsopn.sty"
Package: amsopn 1999/12/14 v2.01 operator names
)
\inf@bad=\count102
LaTeX Info: Redefining \frac on input line 211.
\uproot@=\count103
\leftroot@=\count104
LaTeX Info: Redefining \overline on input line 307.
\classnum@=\count105
\DOTSCASE@=\count106
LaTeX Info: Redefining \ldots on input line 379.
LaTeX Info: Redefining \dots on input line 382.
LaTeX Info: Redefining \cdots on input line 467.
\Mathstrutbox@=\box56
\strutbox@=\box57
\big@size=\dimen107
LaTeX Font Info:    Redeclaring font encoding OML on input line 567.
LaTeX Font Info:    Redeclaring font encoding OMS on input line 568.
\macc@depth=\count107
\c@MaxMatrixCols=\count108
\dotsspace@=\muskip10
\c@parentequation=\count109
\dspbrk@lvl=\count110
\tag@help=\toks20
\row@=\count111
\column@=\count112
\maxfields@=\count113
\andhelp@=\toks21
\eqnshift@=\dimen108
\alignsep@=\dimen109
\tagshift@=\dimen110
\tagwidth@=\dimen111
\totwidth@=\dimen112
\lineht@=\dimen113
\@envbody=\toks22
\multlinegap=\skip133
\multlinetaggap=\skip134
\mathdisplay@stack=\toks23
LaTeX Info: Redefining \[ on input line 2666.
LaTeX Info: Redefining \] on input line 2667.
)
("C:\Program Files (x86)\MiKTeX 2.7\tex\latex\amscls\amsthm.sty"
Package: amsthm 2004/08/06 v2.20
\thm@style=\toks24
\thm@bodyfont=\toks25
\thm@headfont=\toks26
\thm@notefont=\toks27
\thm@headpunct=\toks28
\thm@preskip=\skip135
\thm@postskip=\skip136
\thm@headsep=\skip137
\dth@everypar=\toks29
)
("C:\Program Files (x86)\MiKTeX 2.7\tex\latex\amsfonts\amsfonts.sty"
Package: amsfonts 2001/10/25 v2.2f
\symAMSa=\mathgroup5
\symAMSb=\mathgroup6
LaTeX Font Info:    Overwriting math alphabet `\mathfrak' in version `bold'
(Font)                  U/euf/m/n --> U/euf/b/n on input line 132.
)
("Santa Cruz.aux")
LaTeX Font Info:    Checking defaults for OML/cmm/m/it on input line 12.
LaTeX Font Info:    ... okay on input line 12.
LaTeX Font Info:    Checking defaults for T1/cmr/m/n on input line 12.
LaTeX Font Info:    ... okay on input line 12.
LaTeX Font Info:    Checking defaults for OT1/cmr/m/n on input line 12.
LaTeX Font Info:    ... okay on input line 12.
LaTeX Font Info:    Checking defaults for OMS/cmsy/m/n on input line 12.
LaTeX Font Info:    ... okay on input line 12.
LaTeX Font Info:    Checking defaults for OMX/cmex/m/n on input line 12.
LaTeX Font Info:    ... okay on input line 12.
LaTeX Font Info:    Checking defaults for U/cmr/m/n on input line 12.
LaTeX Font Info:    ... okay on input line 12.
LaTeX Font Info:    Try loading font information for OT1+ptm on input line 12.

("C:\Program Files (x86)\MiKTeX 2.7\tex\latex\psnfss\ot1ptm.fd"
File: ot1ptm.fd 2001/06/04 font definitions for OT1/ptm.
)
("C:\Program Files (x86)\MiKTeX 2.7\tex\context\base\supp-pdf.tex"
[Loading MPS to PDF converter (version 2006.09.02).]
\scratchcounter=\count114
\scratchdimen=\dimen114
\scratchbox=\box58
\nofMPsegments=\count115
\nofMParguments=\count116
\MPscratchCnt=\count117
\MPscratchDim=\dimen115
\MPnumerator=\count118
\everyMPtoPDFconversion=\toks30
)
LaTeX Font Info:    Try loading font information for U+lasy on input line 18.
 ("C:\Program Files (x86)\MiKTeX 2.7\tex\latex\base\ulasy.fd"
File: ulasy.fd 1998/08/17 v2.2e LaTeX symbol font definitions
)
LaTeX Font Info:    Try loading font information for U+msa on input line 18.

("C:\Program Files (x86)\MiKTeX 2.7\tex\latex\amsfonts\umsa.fd"
File: umsa.fd 2002/01/19 v2.2g AMS font definitions
)
LaTeX Font Info:    Try loading font information for U+msb on input line 18.

("C:\Program Files (x86)\MiKTeX 2.7\tex\latex\amsfonts\umsb.fd"
File: umsb.fd 2002/01/19 v2.2g AMS font definitions
)
LaTeX Font Info:    Font shape `OT1/ptm/bx/n' in size <14.4> not available
(Font)              Font shape `OT1/ptm/b/n' tried instead on input line 20.
LaTeX Font Info:    Font shape `OT1/ptm/bx/n' in size <12> not available
(Font)              Font shape `OT1/ptm/b/n' tried instead on input line 23.


Package linguex Warning: Check example numbering (screwed up?), check number of
 empty lines at end of examples. Detected on input line 37.

[1

{C:/ProgramData/MiKTeX/2.7/pdftex/config/pdftex.map}] [2] ("Santa Cruz.aux")

LaTeX Warning: Label(s) may have changed. Rerun to get cross-references right.

 ) 
Here is how much of TeX's memory you used:
 2426 strings out of 95340
 28445 string characters out of 1184001
 86542 words of memory out of 1500000
 5585 multiletter control sequences out of 110000
 19150 words of font info for 49 fonts, out of 1200000 for 2000
 14 hyphenation exceptions out of 8191
 27i,6n,22p,833b,202s stack positions out of 5000i,500n,10000p,200000b,5000s
{C:/Program Files (x86)/MiKTeX 2.7/fonts/enc/dvips/8r.enc}<C:/Program Files (
x86)/MiKTeX 2.7/fonts/type1/urw/times/utmb8a.pfb><C:/Program Files (x86)/MiKTeX
 2.7/fonts/type1/urw/times/utmr8a.pfb>
Output written on "Santa Cruz.pdf" (2 pages, 33956 bytes).
PDF statistics:
 18 PDF objects out of 1000 (max. 8388607)
 0 named destinations out of 1000 (max. 131072)
 1 words of extra memory for PDF output out of 10000 (max. 10000000)

