This is pdfTeX, Version 3.1415926-1.40.10 (TeX Live 2009/Arch Linux) (format=pdflatex 2010.3.23)  31 MAR 2010 19:59
entering extended mode
 restricted \write18 enabled.
 %&-line parsing enabled.
**mitcv-template.tex
(./mitcv-template.tex
LaTeX2e <2009/09/24>
Babel <v3.8l> and hyphenation patterns for english, usenglishmax, dumylang, noh
yphenation, german-x-2009-06-19, ngerman-x-2009-06-19, ancientgreek, ibycus, ar
abic, basque, bulgarian, catalan, pinyin, coptic, croatian, czech, danish, dutc
h, esperanto, estonian, farsi, finnish, french, galician, german, ngerman, mono
greek, greek, hungarian, icelandic, indonesian, interlingua, irish, italian, ku
rmanji, latin, latvian, lithuanian, mongolian, mongolian2a, bokmal, nynorsk, po
lish, portuguese, romanian, russian, sanskrit, serbian, slovak, slovenian, span
ish, swedish, turkish, ukenglish, ukrainian, uppersorbian, welsh, loaded.
(/usr/share/texmf-dist/tex/latex/base/article.cls
Document Class: article 2007/10/19 v1.4h Standard LaTeX document class
(/usr/share/texmf-dist/tex/latex/base/size12.clo
File: size12.clo 2007/10/19 v1.4h Standard LaTeX file (size option)
)
\c@part=\count79
\c@section=\count80
\c@subsection=\count81
\c@subsubsection=\count82
\c@paragraph=\count83
\c@subparagraph=\count84
\c@figure=\count85
\c@table=\count86
\abovecaptionskip=\skip41
\belowcaptionskip=\skip42
\bibindent=\dimen102
)
(/usr/share/texmf-dist/tex/latex/tools/array.sty
Package: array 2008/09/09 v2.4c Tabular extension package (FMi)
\col@sep=\dimen103
\extrarowheight=\dimen104
\NC@list=\toks14
\extratabsurround=\skip43
\backup@length=\skip44
)
(/usr/share/texmf-dist/tex/latex/preprint/fullpage.sty
Package: fullpage 1999/02/23 1.1 (PWD)
\FP@margin=\skip45
)
(/usr/share/texmf-dist/tex/latex/ltxmisc/url.sty
\Urlmuskip=\muskip10
Package: url 2006/04/12  ver 3.3  Verb mode for urls, etc.
)
(/usr/share/texmf-dist/tex/latex/graphics/epsfig.sty
Package: epsfig 1999/02/16 v1.7a (e)psfig emulation (SPQR)

(/usr/share/texmf-dist/tex/latex/graphics/graphicx.sty
Package: graphicx 1999/02/16 v1.0f Enhanced LaTeX Graphics (DPC,SPQR)

(/usr/share/texmf-dist/tex/latex/graphics/keyval.sty
Package: keyval 1999/03/16 v1.13 key=value parser (DPC)
\KV@toks@=\toks15
)
(/usr/share/texmf-dist/tex/latex/graphics/graphics.sty
Package: graphics 2009/02/05 v1.0o Standard LaTeX Graphics (DPC,SPQR)

(/usr/share/texmf-dist/tex/latex/graphics/trig.sty
Package: trig 1999/03/16 v1.09 sin cos tan (DPC)
)
(/usr/share/texmf-dist/tex/latex/latexconfig/graphics.cfg
File: graphics.cfg 2009/08/28 v1.8 graphics configuration of TeX Live
)
Package graphics Info: Driver file: dvips.def on input line 91.

(/usr/share/texmf-dist/tex/latex/graphics/dvips.def
File: dvips.def 1999/02/16 v3.0i Driver-dependant file (DPC,SPQR)
))
\Gin@req@height=\dimen105
\Gin@req@width=\dimen106
)
\epsfxsize=\dimen107
\epsfysize=\dimen108
)
(/usr/share/texmf-dist/tex/latex/tools/longtable.sty
Package: longtable 2004/02/01 v4.11 Multi-page Table package (DPC)
\LTleft=\skip46
\LTright=\skip47
\LTpre=\skip48
\LTpost=\skip49
\LTchunksize=\count87
\LTcapwidth=\dimen109
\LT@head=\box26
\LT@firsthead=\box27
\LT@foot=\box28
\LT@lastfoot=\box29
\LT@cols=\count88
\LT@rows=\count89
\c@LT@tables=\count90
\c@LT@chunks=\count91
\LT@p@ftn=\toks16
)
No file mitcv-template.aux.
\openout1 = `mitcv-template.aux'.

LaTeX Font Info:    Checking defaults for OML/cmm/m/it on input line 364.
LaTeX Font Info:    ... okay on input line 364.
LaTeX Font Info:    Checking defaults for T1/cmr/m/n on input line 364.
LaTeX Font Info:    ... okay on input line 364.
LaTeX Font Info:    Checking defaults for OT1/cmr/m/n on input line 364.
LaTeX Font Info:    ... okay on input line 364.
LaTeX Font Info:    Checking defaults for OMS/cmsy/m/n on input line 364.
LaTeX Font Info:    ... okay on input line 364.
LaTeX Font Info:    Checking defaults for OMX/cmex/m/n on input line 364.
LaTeX Font Info:    ... okay on input line 364.
LaTeX Font Info:    Checking defaults for U/cmr/m/n on input line 364.
LaTeX Font Info:    ... okay on input line 364.
LaTeX Font Info:    External font `cmex10' loaded for size
(Font)              <12> on input line 373.
LaTeX Font Info:    External font `cmex10' loaded for size
(Font)              <8> on input line 373.
LaTeX Font Info:    External font `cmex10' loaded for size
(Font)              <6> on input line 373.
[1


Non-PDF special ignored!{/usr/share/texmf-var/fonts/map/pdftex/updmap/pdftex.ma
p}] [2

] [3

] [4] [5]
Overfull \vbox (8.33331pt too high) has occurred while \output is active []


[6

]
LaTeX Font Info:    Try loading font information for OMS+cmr on input line 639.

 (/usr/share/texmf-dist/tex/latex/base/omscmr.fd
File: omscmr.fd 1999/05/25 v2.5h Standard LaTeX font definitions
)
LaTeX Font Info:    Font shape `OMS/cmr/m/n' in size <12> not available
(Font)              Font shape `OMS/cmsy/m/n' tried instead on input line 639.

Overfull \vbox (8.33331pt too high) has occurred while \output is active []


[7

]
Overfull \vbox (8.33331pt too high) has occurred while \output is active []


[8

]
\c@sbtotal=\count92
\c@smtotal=\count93
\c@mengtotal=\count94
\c@engtotal=\count95
\c@drsuptotal=\count96
\c@drreadtotal=\count97
\c@drtotal=\count98
\c@drdone=\count99
\c@drundone=\count100

Overfull \vbox (8.2pt too high) has occurred while \output is active []

 [9

]
Overfull \vbox (8.2pt too high) has occurred while \output is active []

 [10]
(./mitcv-template.aux) ) 
Here is how much of TeX's memory you used:
 912 strings out of 493847
 10884 string characters out of 3153979
 70816 words of memory out of 3000000
 4224 multiletter control sequences out of 15000+200000
 8682 words of font info for 30 fonts, out of 3000000 for 9000
 714 hyphenation exceptions out of 8191
 32i,12n,23p,400b,309s stack positions out of 5000i,500n,10000p,200000b,50000s
</usr/share/texmf-dist/fonts/type1/public/amsfonts/cm/c
mbx10.pfb></usr/share/texmf-dist/fonts/type1/public/amsfonts/cm/cmbx12.pfb></us
r/share/texmf-dist/fonts/type1/public/amsfonts/cm/cmmi12.pfb></usr/share/texmf-
dist/fonts/type1/public/amsfonts/cm/cmr10.pfb></usr/share/texmf-dist/fonts/type
1/public/amsfonts/cm/cmr12.pfb></usr/share/texmf-dist/fonts/type1/public/amsfon
ts/cm/cmsl12.pfb></usr/share/texmf-dist/fonts/type1/public/amsfonts/cm/cmsy10.p
fb></usr/share/texmf-dist/fonts/type1/public/amsfonts/cm/cmti10.pfb></usr/share
/texmf-dist/fonts/type1/public/amsfonts/cm/cmti12.pfb>
Output written on mitcv-template.pdf (10 pages, 152233 bytes).
PDF statistics:
 71 PDF objects out of 1000 (max. 8388607)
 0 named destinations out of 1000 (max. 500000)
 1 words of extra memory for PDF output out of 10000 (max. 10000000)

