This is pdfTeX, Version 3.141592-1.40.4 (MiKTeX 2.7) (preloaded format=pdflatex 2009.1.5)  22 MAR 2009 21:37
entering extended mode
**C:/Documents*and*Settings/Josh/Desktop/LaTeX*Documents/Miscellanea/Homework*T
emplates/Homework*Template_Pavlic*1.tex

("C:/Documents and Settings/Josh/Desktop/LaTeX Documents/Miscellanea/Homework T
emplates/Homework Template_Pavlic 1.tex"
LaTeX2e <2005/12/01>
Babel <v3.8h> and hyphenation patterns for english, dumylang, nohyphenation, ge
rman, ngerman, french, loaded.
("C:\Program Files\MiKTeX 2.77\tex\latex\base\article.cls"
Document Class: article 2005/09/16 v1.4f Standard LaTeX document class
("C:\Program Files\MiKTeX 2.77\tex\latex\base\size10.clo"
File: size10.clo 2005/09/16 v1.4f Standard LaTeX file (size option)
)
\c@part=\count79
\c@section=\count80
\c@subsection=\count81
\c@subsubsection=\count82
\c@paragraph=\count83
\c@subparagraph=\count84
\c@figure=\count85
\c@table=\count86
\abovecaptionskip=\skip41
\belowcaptionskip=\skip42
\bibindent=\dimen102
)
("C:\Program Files\MiKTeX 2.77\tex\latex\amsmath\amsmath.sty"
Package: amsmath 2000/07/18 v2.13 AMS math features
\@mathmargin=\skip43

For additional information on amsmath, use the `?' option.
("C:\Program Files\MiKTeX 2.77\tex\latex\amsmath\amstext.sty"
Package: amstext 2000/06/29 v2.01

("C:\Program Files\MiKTeX 2.77\tex\latex\amsmath\amsgen.sty"
File: amsgen.sty 1999/11/30 v2.0
\@emptytoks=\toks14
\ex@=\dimen103
))
("C:\Program Files\MiKTeX 2.77\tex\latex\amsmath\amsbsy.sty"
Package: amsbsy 1999/11/29 v1.2d
\pmbraise@=\dimen104
)
("C:\Program Files\MiKTeX 2.77\tex\latex\amsmath\amsopn.sty"
Package: amsopn 1999/12/14 v2.01 operator names
)
\inf@bad=\count87
LaTeX Info: Redefining \frac on input line 211.
\uproot@=\count88
\leftroot@=\count89
LaTeX Info: Redefining \overline on input line 307.
\classnum@=\count90
\DOTSCASE@=\count91
LaTeX Info: Redefining \ldots on input line 379.
LaTeX Info: Redefining \dots on input line 382.
LaTeX Info: Redefining \cdots on input line 467.
\Mathstrutbox@=\box26
\strutbox@=\box27
\big@size=\dimen105
LaTeX Font Info:    Redeclaring font encoding OML on input line 567.
LaTeX Font Info:    Redeclaring font encoding OMS on input line 568.
\macc@depth=\count92
\c@MaxMatrixCols=\count93
\dotsspace@=\muskip10
\c@parentequation=\count94
\dspbrk@lvl=\count95
\tag@help=\toks15
\row@=\count96
\column@=\count97
\maxfields@=\count98
\andhelp@=\toks16
\eqnshift@=\dimen106
\alignsep@=\dimen107
\tagshift@=\dimen108
\tagwidth@=\dimen109
\totwidth@=\dimen110
\lineht@=\dimen111
\@envbody=\toks17
\multlinegap=\skip44
\multlinetaggap=\skip45
\mathdisplay@stack=\toks18
LaTeX Info: Redefining \[ on input line 2666.
LaTeX Info: Redefining \] on input line 2667.
)
("C:\Program Files\MiKTeX 2.77\tex\latex\amsfonts\amsfonts.sty"
Package: amsfonts 2001/10/25 v2.2f
\symAMSa=\mathgroup4
\symAMSb=\mathgroup5
LaTeX Font Info:    Overwriting math alphabet `\mathfrak' in version `bold'
(Font)                  U/euf/m/n --> U/euf/b/n on input line 132.
)
("C:\Program Files\MiKTeX 2.77\tex\latex\amscls\amsthm.sty"
Package: amsthm 2004/08/06 v2.20
\thm@style=\toks19
\thm@bodyfont=\toks20
\thm@headfont=\toks21
\thm@notefont=\toks22
\thm@headpunct=\toks23
\thm@preskip=\skip46
\thm@postskip=\skip47
\thm@headsep=\skip48
\dth@everypar=\toks24
)
("C:\Program Files\MiKTeX 2.77\tex\latex\amsfonts\amssymb.sty"
Package: amssymb 2002/01/22 v2.2d
)
("C:\Program Files\MiKTeX 2.77\tex\latex\linguex\linguex.sty"
("C:\Program Files\MiKTeX 2.77\tex\latex\tools\xspace.sty"
Package: xspace 2006/05/08 v1.12 Space after command names (DPC,MH)
)
("C:\Program Files\MiKTeX 2.77\tex\latex\gb4e\cgloss4e.sty"
\lineone=\box28
\linetwo=\box29
\linethree=\box30
\wordone=\box31
\wordtwo=\box32
\wordthree=\box33
\gline=\box34
\glossglue=\skip49
)
\c@ExNo=\count99
\c@SubExNo=\count100
\c@SubSubExNo=\count101
\c@FnExNo=\count102
\c@ABC=\count103
\currentlabel=\skip50
\lessthanten=\skip51
\lessthanhundred=\skip52
\lessthanthousand=\skip53
\@Exleftmargin=\skip54
\Exlabelwidth=\skip55
\Extopsep=\skip56
\Exindent=\skip57
\SubExleftmargin=\skip58
\SubSubExleftmargin=\skip59
\Exlabelsep=\skip60
\alignSubExnegindent=\skip61
\c@ExDepth=\count104
\c@TempExDepth=\count105
\CollectTokens=\toks25
LaTeX Info: Redefining \b on input line 239.
LaTeX Info: Redefining \c on input line 243.
LaTeX Info: Redefining \d on input line 245.
\c@tmpaEx=\count106
)
("C:\Program Files\MiKTeX 2.77\tex\latex\setspace\setspace.sty"
Package: setspace 2000/12/01 6.7 Contributed and Supported LaTeX2e package

Package: `setspace' 6.7 <2000/12/01>
) ("C:\Program Files\MiKTeX 2.77\tex\latex\Tabbing\Tabbing.sty"
Package: Tabbing 1997/12/18 v1.0 Tabbing environment (JPFD)
)
("C:\Program Files\MiKTeX 2.77\tex\latex\fancyhdr\fancyhdr.sty"
\fancy@headwidth=\skip62
\f@ncyO@elh=\skip63
\f@ncyO@erh=\skip64
\f@ncyO@olh=\skip65
\f@ncyO@orh=\skip66
\f@ncyO@elf=\skip67
\f@ncyO@erf=\skip68
\f@ncyO@olf=\skip69
\f@ncyO@orf=\skip70
)
("C:\Program Files\MiKTeX 2.77\tex\latex\lastpage\lastpage.sty"
Package: lastpage 1994/06/25 v0.1b LaTeX2e package for refs to last page number
 (JPG)
)
("C:\Program Files\MiKTeX 2.77\tex\latex\fancyhdr\extramarks.sty"
\@temptokenb=\toks26
)
("C:\Program Files\MiKTeX 2.77\tex\latex\ltxmisc\chngpage.sty"
Package: chngpage 2003/08/10 v1.2 change page layout
\c@cp@cnt=\count107
\c@cp@tempcnt=\count108
)
("C:\Program Files\MiKTeX 2.77\tex\latex\soul\soul.sty"
Package: soul 2003/11/17 v2.4 letterspacing/underlining (mf)
\SOUL@word=\toks27
\SOUL@lasttoken=\toks28
\SOUL@cmds=\toks29
\SOUL@buffer=\toks30
\SOUL@token=\toks31
\SOUL@spaceskip=\skip71
\SOUL@ttwidth=\dimen112
\SOUL@uldp=\dimen113
\SOUL@ulht=\dimen114
)
("C:\Program Files\MiKTeX 2.77\tex\latex\graphics\color.sty"
Package: color 2005/11/14 v1.0j Standard LaTeX Color (DPC)

("C:\Program Files\MiKTeX 2.77\tex\latex\00miktex\color.cfg"
File: color.cfg 2007/01/18 v1.5 color configuration of teTeX/TeXLive
)
Package color Info: Driver file: pdftex.def on input line 130.

("C:\Program Files\MiKTeX 2.77\tex\latex\graphics\pdftex.def"
File: pdftex.def 2007/06/12 v0.04h Graphics/color for pdfTeX
\Gread@gobject=\count109
))
("C:\Program Files\MiKTeX 2.77\tex\latex\graphics\graphicx.sty"
Package: graphicx 1999/02/16 v1.0f Enhanced LaTeX Graphics (DPC,SPQR)

("C:\Program Files\MiKTeX 2.77\tex\latex\graphics\keyval.sty"
Package: keyval 1999/03/16 v1.13 key=value parser (DPC)
\KV@toks@=\toks32
)
("C:\Program Files\MiKTeX 2.77\tex\latex\graphics\graphics.sty"
Package: graphics 2006/02/20 v1.0o Standard LaTeX Graphics (DPC,SPQR)

("C:\Program Files\MiKTeX 2.77\tex\latex\graphics\trig.sty"
Package: trig 1999/03/16 v1.09 sin cos tan (DPC)
)
("C:\Program Files\MiKTeX 2.77\tex\latex\00miktex\graphics.cfg"
File: graphics.cfg 2007/01/18 v1.5 graphics configuration of teTeX/TeXLive
)
Package graphics Info: Driver file: pdftex.def on input line 90.
)
\Gin@req@height=\dimen115
\Gin@req@width=\dimen116
)
("C:\Program Files\MiKTeX 2.77\tex\latex\float\float.sty"
Package: float 2001/11/08 v1.3d Float enhancements (AL)
\c@float@type=\count110
\float@exts=\toks33
\float@box=\box35
\@float@everytoks=\toks34
\@floatcapt=\box36
)
("C:\Program Files\MiKTeX 2.77\tex\latex\wrapfig\wrapfig.sty"
\wrapoverhang=\dimen117
\WF@size=\dimen118
\c@WF@wrappedlines=\count111
\WF@box=\box37
\WF@everypar=\toks35
Package: wrapfig 2003/01/31  v 3.6
)
\c@theorem=\count112
\c@acknowledgement=\count113
\c@algorithm=\count114
\c@axiom=\count115
\c@case=\count116
\c@claim=\count117
\c@conclusion=\count118
\c@condition=\count119
\c@conjecture=\count120
\c@corollary=\count121
\c@criterion=\count122
\c@definition=\count123
\c@exercise=\count124
\c@lemma=\count125
\c@proposition=\count126
\c@example=\count127
\c@solution=\count128
\c@summary=\count129
\c@phrase string=\count130
\c@notation=\count131
\c@remark=\count132
\c@problem=\count133
\c@syllogism=\count134
\c@subdefinition=\count135
\labelLength=\skip72
\c@homeworkProblemCounter=\count136
\homeworkSectionLabelLength=\skip73

No file Homework*Template_Pavlic*1.aux.
LaTeX Font Info:    Checking defaults for OML/cmm/m/it on input line 149.
LaTeX Font Info:    ... okay on input line 149.
LaTeX Font Info:    Checking defaults for T1/cmr/m/n on input line 149.
LaTeX Font Info:    ... okay on input line 149.
LaTeX Font Info:    Checking defaults for OT1/cmr/m/n on input line 149.
LaTeX Font Info:    ... okay on input line 149.
LaTeX Font Info:    Checking defaults for OMS/cmsy/m/n on input line 149.
LaTeX Font Info:    ... okay on input line 149.
LaTeX Font Info:    Checking defaults for OMX/cmex/m/n on input line 149.
LaTeX Font Info:    ... okay on input line 149.
LaTeX Font Info:    Checking defaults for U/cmr/m/n on input line 149.
LaTeX Font Info:    ... okay on input line 149.
("C:\Program Files\MiKTeX 2.77\tex\context\base\supp-pdf.tex"
[Loading MPS to PDF converter (version 2006.09.02).]
\scratchcounter=\count137
\scratchdimen=\dimen119
\scratchbox=\box38
\nofMPsegments=\count138
\nofMParguments=\count139
\MPscratchCnt=\count140
\MPscratchDim=\dimen120
\MPnumerator=\count141
\everyMPtoPDFconversion=\toks36
)
LaTeX Font Info:    Try loading font information for U+msa on input line 151.
 ("C:\Program Files\MiKTeX 2.77\tex\latex\amsfonts\umsa.fd"
File: umsa.fd 2002/01/19 v2.2g AMS font definitions
)
LaTeX Font Info:    Try loading font information for U+msb on input line 151.

("C:\Program Files\MiKTeX 2.77\tex\latex\amsfonts\umsb.fd"
File: umsb.fd 2002/01/19 v2.2g AMS font definitions
) [1

{C:/Documents and Settings/All Users/Application Data/MiKTeX/2.7/pdftex/config/
pdftex.map}]
Overfull \hbox (10.0048pt too wide) in paragraph at lines 165--166
\OT1/cmtt/m/n/10 Directions: Look at the following syllogisms and answer the qu
estions as either \OT1/cmtt/m/sc/10 Yes \OT1/cmtt/m/n/10 or \OT1/cmtt/m/sc/10 N
o\OT1/cmr/m/n/10 .[] 
 []


Underfull \hbox (badness 10000) in paragraph at lines 176--180

 []


Underfull \hbox (badness 10000) in paragraph at lines 182--186

 []


Underfull \hbox (badness 10000) in paragraph at lines 188--192

 []


Underfull \hbox (badness 10000) in paragraph at lines 194--201

 []


Underfull \hbox (badness 10000) in paragraph at lines 203--208

 []


LaTeX Warning: Reference `LastPage' on page 2 undefined on input line 211.

[2

] AED: lastpage setting LastPage

LaTeX Warning: Reference `LastPage' on page 3 undefined on input line 217.

[3

] ("Homework Template_Pavlic 1.aux")

LaTeX Warning: There were undefined references.


LaTeX Warning: Label(s) may have changed. Rerun to get cross-references right.

 ) 
Here is how much of TeX's memory you used:
 2797 strings out of 95327
 32075 string characters out of 1183975
 86874 words of memory out of 1500000
 5960 multiletter control sequences out of 110000
 13425 words of font info for 52 fonts, out of 1200000 for 2000
 14 hyphenation exceptions out of 8191
 27i,11n,43p,446b,271s stack positions out of 5000i,500n,10000p,200000b,5000s
<C:/Program Files/MiKTeX 2.77/fonts/type1/bluesky/cm/cmbx10.pfb><C:/Program F
iles/MiKTeX 2.77/fonts/type1/bluesky/cm/cmbx12.pfb><C:/Program Files/MiKTeX 2.7
7/fonts/type1/bluesky/cm/cmbx8.pfb><C:/Program Files/MiKTeX 2.77/fonts/type1/bl
uesky/cm/cmr10.pfb><C:/Program Files/MiKTeX 2.77/fonts/type1/bluesky/cm/cmr6.pf
b><C:/Program Files/MiKTeX 2.77/fonts/type1/bluesky/cm/cmr7.pfb><C:/Program Fil
es/MiKTeX 2.77/fonts/type1/bluesky/cm/cmr8.pfb><C:/Program Files/MiKTeX 2.77/fo
nts/type1/bluesky/cm/cmr9.pfb><C:/Program Files/MiKTeX 2.77/fonts/type1/bluesky
/cm/cmtcsc10.pfb><C:/Program Files/MiKTeX 2.77/fonts/type1/bluesky/cm/cmti12.pf
b><C:/Program Files/MiKTeX 2.77/fonts/type1/bluesky/cm/cmtt10.pfb>
Output written on "Homework Template_Pavlic 1.pdf" (3 pages, 62010 bytes).
PDF statistics:
 56 PDF objects out of 1000 (max. 8388607)
 0 named destinations out of 1000 (max. 131072)
 1 words of extra memory for PDF output out of 10000 (max. 10000000)

